Using pre-set license
Built from '2020.3/staging' branch; Version is '2020.3.6f1 (338bb68529b2) revision 3378102'; Using compiler version '192528614'; Build Type 'Release'
OS: 'Windows 10 Home; OS build 22000.556; Version 2009; 64bit' Language: 'en' Physical Memory: 8034 MB
BatchMode: 1, IsHumanControllingUs: 0, StartBugReporterOnCrash: 0, Is64bit: 1, IsPro: 0

 COMMAND LINE ARGUMENTS:
D:\Unity Editor\2020.3.6f1\Editor\Unity.exe
-adb2
-batchMode
-noUpm
-name
AssetImportWorker0
-projectPath
C:/Users/Bunn4/OneDrive/Documents/GitHub/atk-game/Au To Know Game
-logFile
Logs/AssetImportWorker0.log
-srvPort
54970
Successfully changed project path to: C:/Users/Bunn4/OneDrive/Documents/GitHub/atk-game/Au To Know Game
C:/Users/Bunn4/OneDrive/Documents/GitHub/atk-game/Au To Know Game
Using Asset Import Pipeline V2.
Refreshing native plugins compatible for Editor in 48.12 ms, found 0 plugins.
Preloading 0 native plugins for Editor in 0.00 ms.
Initialize engine version: 2020.3.6f1 (338bb68529b2)
[Subsystems] Discovering subsystems at path D:/Unity Editor/2020.3.6f1/Editor/Data/Resources/UnitySubsystems
[Subsystems] Discovering subsystems at path C:/Users/Bunn4/OneDrive/Documents/GitHub/atk-game/Au To Know Game/Assets
GfxDevice: creating device client; threaded=0
Direct3D:
    Version:  Direct3D 11.0 [level 11.1]
    Renderer: NVIDIA GeForce GTX 1050 (ID=0x1c8d)
    Vendor:   
    VRAM:     4029 MB
    Driver:   23.21.13.8873
Initialize mono
Mono path[0] = 'D:/Unity Editor/2020.3.6f1/Editor/Data/Managed'
Mono path[1] = 'D:/Unity Editor/2020.3.6f1/Editor/Data/MonoBleedingEdge/lib/mono/unityjit'
Mono config path = 'D:/Unity Editor/2020.3.6f1/Editor/Data/MonoBleedingEdge/etc'
Using monoOptions --debugger-agent=transport=dt_socket,embedding=1,server=y,suspend=n,address=127.0.0.1:56536
Begin MonoManager ReloadAssembly
Registering precompiled unity dll's ...
Register platform support module: D:/Unity Editor/2020.3.6f1/Editor/Data/PlaybackEngines/WindowsStandaloneSupport/UnityEditor.WindowsStandalone.Extensions.dll
Registered in 0.032484 seconds.
Native extension for WindowsStandalone target not found
Refreshing native plugins compatible for Editor in 40.69 ms, found 0 plugins.
Preloading 0 native plugins for Editor in 0.00 ms.
Mono: successfully reloaded assembly
- Completed reload, in  5.020 seconds
Platform modules already initialized, skipping
Registering precompiled user dll's ...
Registered in 0.003572 seconds.
Begin MonoManager ReloadAssembly
Native extension for WindowsStandalone target not found
Refreshing native plugins compatible for Editor in 0.25 ms, found 0 plugins.
Preloading 0 native plugins for Editor in 0.00 ms.
Mono: successfully reloaded assembly
- Completed reload, in  1.138 seconds
Platform modules already initialized, skipping
========================================================================
Worker process is ready to serve import requests
Launched and connected shader compiler UnityShaderCompiler.exe after 0.17 seconds
Refreshing native plugins compatible for Editor in 0.39 ms, found 0 plugins.
Preloading 0 native plugins for Editor in 0.00 ms.
Unloading 1143 Unused Serialized files (Serialized files now loaded: 0)
System memory in use before: 71.4 MB.
System memory in use after: 71.5 MB.

Unloading 10 unused Assets to reduce memory usage. Loaded Objects now: 1610.
Total: 2.465800 ms (FindLiveObjects: 0.155000 ms CreateObjectMapping: 0.059500 ms MarkObjects: 2.132500 ms  DeleteObjects: 0.116900 ms)

========================================================================
Received Import Request.
  path: Assets/Materials/Water Material.mat
  artifactKey: Guid(90680a2b3cf988549836812cbe1e6fb9) Importer(815301076,1909f56bfc062723c751e8b465ee728b)
Start importing Assets/Materials/Water Material.mat using Guid(90680a2b3cf988549836812cbe1e6fb9) Importer(815301076,1909f56bfc062723c751e8b465ee728b)  -> (artifact id: 'd3e385afaf5c1a17002c60d4cd82fd0c') in 0.424522 seconds
  Import took 0.689204 seconds .

========================================================================
Received Import Request.
  Time since last request: 0.016303 seconds.
  path: Assets/Materials/Mat Green.mat
  artifactKey: Guid(e4422123c8a664c41ae8e3c6314ac4c6) Importer(815301076,1909f56bfc062723c751e8b465ee728b)
Start importing Assets/Materials/Mat Green.mat using Guid(e4422123c8a664c41ae8e3c6314ac4c6) Importer(815301076,1909f56bfc062723c751e8b465ee728b)  -> (artifact id: '733b788385cb7254fdd667f1d4c6a4da') in 0.009945 seconds
  Import took 0.012242 seconds .

========================================================================
Received Prepare
Registering precompiled user dll's ...
Registered in 0.000812 seconds.
Begin MonoManager ReloadAssembly
Native extension for WindowsStandalone target not found
Refreshing native plugins compatible for Editor in 0.19 ms, found 0 plugins.
Preloading 0 native plugins for Editor in 0.00 ms.
Mono: successfully reloaded assembly
- Completed reload, in  0.852 seconds
Platform modules already initialized, skipping
Refreshing native plugins compatible for Editor in 0.28 ms, found 0 plugins.
Preloading 0 native plugins for Editor in 0.00 ms.
Unloading 1138 Unused Serialized files (Serialized files now loaded: 0)
System memory in use before: 74.7 MB.
System memory in use after: 74.8 MB.

Unloading 5 unused Assets to reduce memory usage. Loaded Objects now: 1653.
Total: 2.477400 ms (FindLiveObjects: 0.223700 ms CreateObjectMapping: 0.068100 ms MarkObjects: 2.090500 ms  DeleteObjects: 0.093100 ms)

========================================================================
Received Import Request.
  Time since last request: 115.840965 seconds.
  path: Assets/Materials/Menu Green.mat
  artifactKey: Guid(4ee165fb086b1c843b71b49580e8c5b6) Importer(815301076,1909f56bfc062723c751e8b465ee728b)
Start importing Assets/Materials/Menu Green.mat using Guid(4ee165fb086b1c843b71b49580e8c5b6) Importer(815301076,1909f56bfc062723c751e8b465ee728b)  -> (artifact id: '41145e444a7d38c288ee82f2984f2e85') in 0.077852 seconds
  Import took 0.480813 seconds .

========================================================================
Received Prepare
Registering precompiled user dll's ...
Registered in 0.000972 seconds.
Begin MonoManager ReloadAssembly
Native extension for WindowsStandalone target not found
Refreshing native plugins compatible for Editor in 0.26 ms, found 0 plugins.
Preloading 0 native plugins for Editor in 0.00 ms.
Mono: successfully reloaded assembly
- Completed reload, in  0.898 seconds
Platform modules already initialized, skipping
Refreshing native plugins compatible for Editor in 0.23 ms, found 0 plugins.
Preloading 0 native plugins for Editor in 0.00 ms.
Unloading 1138 Unused Serialized files (Serialized files now loaded: 0)
System memory in use before: 74.7 MB.
System memory in use after: 74.8 MB.

Unloading 5 unused Assets to reduce memory usage. Loaded Objects now: 1657.
Total: 2.164100 ms (FindLiveObjects: 0.227700 ms CreateObjectMapping: 0.052800 ms MarkObjects: 1.798000 ms  DeleteObjects: 0.083600 ms)

========================================================================
Received Import Request.
  Time since last request: 502.438845 seconds.
  path: Assets/Materials/Mat Green.mat
  artifactKey: Guid(e4422123c8a664c41ae8e3c6314ac4c6) Importer(815301076,1909f56bfc062723c751e8b465ee728b)
Start importing Assets/Materials/Mat Green.mat using Guid(e4422123c8a664c41ae8e3c6314ac4c6) Importer(815301076,1909f56bfc062723c751e8b465ee728b)  -> (artifact id: '4cf52aaba93c3c9a1c461e9396a9b160') in 0.072760 seconds
  Import took 0.075149 seconds .

========================================================================
Received Import Request.
  Time since last request: 0.000324 seconds.
  path: Assets/Materials/Menu Green.mat
  artifactKey: Guid(4ee165fb086b1c843b71b49580e8c5b6) Importer(815301076,1909f56bfc062723c751e8b465ee728b)
Start importing Assets/Materials/Menu Green.mat using Guid(4ee165fb086b1c843b71b49580e8c5b6) Importer(815301076,1909f56bfc062723c751e8b465ee728b)  -> (artifact id: 'f15ac7c08638490c88cb2b40b6b0ec51') in 0.008816 seconds
  Import took 0.012627 seconds .

========================================================================
Received Prepare
Registering precompiled user dll's ...
Registered in 0.002015 seconds.
Begin MonoManager ReloadAssembly
Native extension for WindowsStandalone target not found
Refreshing native plugins compatible for Editor in 0.63 ms, found 0 plugins.
Preloading 0 native plugins for Editor in 0.00 ms.
Mono: successfully reloaded assembly
- Completed reload, in  2.085 seconds
Platform modules already initialized, skipping
Refreshing native plugins compatible for Editor in 1.90 ms, found 0 plugins.
Preloading 0 native plugins for Editor in 0.00 ms.
Unloading 1138 Unused Serialized files (Serialized files now loaded: 0)
System memory in use before: 74.7 MB.
System memory in use after: 74.8 MB.

Unloading 5 unused Assets to reduce memory usage. Loaded Objects now: 1661.
Total: 6.494900 ms (FindLiveObjects: 0.583500 ms CreateObjectMapping: 0.072200 ms MarkObjects: 5.666200 ms  DeleteObjects: 0.167600 ms)

========================================================================
Received Import Request.
  Time since last request: 41.565069 seconds.
  path: Assets/Scripts/PauseScript.cs
  artifactKey: Guid(f671d623a1861f54e940e77c5bca8c23) Importer(815301076,1909f56bfc062723c751e8b465ee728b)
Start importing Assets/Scripts/PauseScript.cs using Guid(f671d623a1861f54e940e77c5bca8c23) Importer(815301076,1909f56bfc062723c751e8b465ee728b)  -> (artifact id: '6cf56828dc841e13e1c9b545640ca03b') in 0.027904 seconds
  Import took 0.032791 seconds .

========================================================================
Received Import Request.
  Time since last request: 0.149968 seconds.
  path: Assets/Scripts/PauseScript.cs
  artifactKey: Guid(f671d623a1861f54e940e77c5bca8c23) Importer(815301076,1909f56bfc062723c751e8b465ee728b)
Start importing Assets/Scripts/PauseScript.cs using Guid(f671d623a1861f54e940e77c5bca8c23) Importer(815301076,1909f56bfc062723c751e8b465ee728b)  -> (artifact id: '6cf56828dc841e13e1c9b545640ca03b') in 0.002947 seconds
  Import took 0.007214 seconds .

========================================================================
Received Prepare
Registering precompiled user dll's ...
Registered in 0.001095 seconds.
Begin MonoManager ReloadAssembly
Native extension for WindowsStandalone target not found
Refreshing native plugins compatible for Editor in 0.25 ms, found 0 plugins.
Preloading 0 native plugins for Editor in 0.00 ms.
Mono: successfully reloaded assembly
- Completed reload, in  1.333 seconds
Platform modules already initialized, skipping
Refreshing native plugins compatible for Editor in 0.24 ms, found 0 plugins.
Preloading 0 native plugins for Editor in 0.00 ms.
Unloading 1138 Unused Serialized files (Serialized files now loaded: 0)
System memory in use before: 74.8 MB.
System memory in use after: 74.8 MB.

Unloading 5 unused Assets to reduce memory usage. Loaded Objects now: 1664.
Total: 2.591100 ms (FindLiveObjects: 0.561400 ms CreateObjectMapping: 0.117000 ms MarkObjects: 1.813600 ms  DeleteObjects: 0.095400 ms)

========================================================================
Received Prepare
Registering precompiled user dll's ...
Registered in 0.004401 seconds.
Begin MonoManager ReloadAssembly
Native extension for WindowsStandalone target not found
Refreshing native plugins compatible for Editor in 0.21 ms, found 0 plugins.
Preloading 0 native plugins for Editor in 0.00 ms.
Mono: successfully reloaded assembly
- Completed reload, in  1.274 seconds
Platform modules already initialized, skipping
Refreshing native plugins compatible for Editor in 0.65 ms, found 0 plugins.
Preloading 0 native plugins for Editor in 0.00 ms.
Unloading 1138 Unused Serialized files (Serialized files now loaded: 0)
System memory in use before: 74.8 MB.
System memory in use after: 74.8 MB.

Unloading 5 unused Assets to reduce memory usage. Loaded Objects now: 1667.
Total: 8.826700 ms (FindLiveObjects: 0.603000 ms CreateObjectMapping: 0.226600 ms MarkObjects: 7.677400 ms  DeleteObjects: 0.314200 ms)

========================================================================
Received Import Request.
  Time since last request: 666.192922 seconds.
  path: Assets/Prefabs/ZombieAnim1.fbx
  artifactKey: Guid(e36fef688a2a2d144ba3e6bc3a78f876) Importer(815301076,1909f56bfc062723c751e8b465ee728b)
Start importing Assets/Prefabs/ZombieAnim1.fbx using Guid(e36fef688a2a2d144ba3e6bc3a78f876) Importer(815301076,1909f56bfc062723c751e8b465ee728b)  -> (artifact id: '34dc6560d1a15c69ee851e0a15cc5ebd') in 0.743468 seconds
  Import took 0.747017 seconds .

========================================================================
Received Import Request.
  Time since last request: 33.700262 seconds.
  path: Assets/Materials/ZombieTextureNew1.png
  artifactKey: Guid(d8964e903230efa44a7cb91e452189fe) Importer(815301076,1909f56bfc062723c751e8b465ee728b)
Start importing Assets/Materials/ZombieTextureNew1.png using Guid(d8964e903230efa44a7cb91e452189fe) Importer(815301076,1909f56bfc062723c751e8b465ee728b)  -> (artifact id: 'ac2a1922ba1cd1f51194a124894a539e') in 0.159530 seconds
  Import took 0.172257 seconds .

========================================================================
Received Import Request.
  Time since last request: 19.743539 seconds.
  path: Assets/Materials/ZombieTextureImproved.mat
  artifactKey: Guid(3dc646bb0f3d242479365b2d1c8c4f32) Importer(815301076,1909f56bfc062723c751e8b465ee728b)
Start importing Assets/Materials/ZombieTextureImproved.mat using Guid(3dc646bb0f3d242479365b2d1c8c4f32) Importer(815301076,1909f56bfc062723c751e8b465ee728b)  -> (artifact id: 'bb36653345bee6c384bcbcea6f118472') in 0.065874 seconds
  Import took 0.254259 seconds .

========================================================================
Received Import Request.
  Time since last request: 20.815434 seconds.
  path: Assets/Prefabs/E.prefab
  artifactKey: Guid(a7de9b2b33fbfa346b772686aeed9b30) Importer(815301076,1909f56bfc062723c751e8b465ee728b)
Start importing Assets/Prefabs/E.prefab using Guid(a7de9b2b33fbfa346b772686aeed9b30) Importer(815301076,1909f56bfc062723c751e8b465ee728b)  -> (artifact id: '851028cd3c8666572e25f784593c2053') in 0.218676 seconds
  Import took 0.226278 seconds .

========================================================================
Received Import Request.
  Time since last request: 9.053655 seconds.
  path: Assets/Prefabs/E.prefab
  artifactKey: Guid(a7de9b2b33fbfa346b772686aeed9b30) Importer(815301076,1909f56bfc062723c751e8b465ee728b)
Start importing Assets/Prefabs/E.prefab using Guid(a7de9b2b33fbfa346b772686aeed9b30) Importer(815301076,1909f56bfc062723c751e8b465ee728b)  -> (artifact id: '9b97bf2c8fd568ff583700f32d862614') in 0.066138 seconds
  Import took 0.074343 seconds .

========================================================================
Received Import Request.
  Time since last request: 9.407195 seconds.
  path: Assets/Prefabs/E.prefab
  artifactKey: Guid(a7de9b2b33fbfa346b772686aeed9b30) Importer(815301076,1909f56bfc062723c751e8b465ee728b)
Start importing Assets/Prefabs/E.prefab using Guid(a7de9b2b33fbfa346b772686aeed9b30) Importer(815301076,1909f56bfc062723c751e8b465ee728b)  -> (artifact id: '00e21c414db5e7ca6d26e92084d15ea0') in 0.036375 seconds
  Import took 0.047148 seconds .

========================================================================
Received Import Request.
  Time since last request: 0.790295 seconds.
  path: Assets/Prefabs/E.prefab
  artifactKey: Guid(a7de9b2b33fbfa346b772686aeed9b30) Importer(815301076,1909f56bfc062723c751e8b465ee728b)
Start importing Assets/Prefabs/E.prefab using Guid(a7de9b2b33fbfa346b772686aeed9b30) Importer(815301076,1909f56bfc062723c751e8b465ee728b)  -> (artifact id: 'bd5dbc3df2243670bb5e065bcd6dec93') in 0.053674 seconds
  Import took 0.291963 seconds .

========================================================================
Received Import Request.
  Time since last request: 0.548112 seconds.
  path: Assets/Prefabs/E.prefab
  artifactKey: Guid(a7de9b2b33fbfa346b772686aeed9b30) Importer(815301076,1909f56bfc062723c751e8b465ee728b)
Start importing Assets/Prefabs/E.prefab using Guid(a7de9b2b33fbfa346b772686aeed9b30) Importer(815301076,1909f56bfc062723c751e8b465ee728b)  -> (artifact id: '7c20583d841d600bd97709e7cf194373') in 0.041804 seconds
  Import took 0.045882 seconds .

========================================================================
Received Import Request.
  Time since last request: 5.168884 seconds.
  path: Assets/Prefabs/E.prefab
  artifactKey: Guid(a7de9b2b33fbfa346b772686aeed9b30) Importer(815301076,1909f56bfc062723c751e8b465ee728b)
Start importing Assets/Prefabs/E.prefab using Guid(a7de9b2b33fbfa346b772686aeed9b30) Importer(815301076,1909f56bfc062723c751e8b465ee728b)  -> (artifact id: '69dfff6e94556e97c1aa96c8287416a9') in 0.028552 seconds
  Import took 0.047457 seconds .

========================================================================
Received Import Request.
  Time since last request: 3.035248 seconds.
  path: Assets/Prefabs/E.prefab
  artifactKey: Guid(a7de9b2b33fbfa346b772686aeed9b30) Importer(815301076,1909f56bfc062723c751e8b465ee728b)
Start importing Assets/Prefabs/E.prefab using Guid(a7de9b2b33fbfa346b772686aeed9b30) Importer(815301076,1909f56bfc062723c751e8b465ee728b)  -> (artifact id: '9b846adfb3e658f1f0ae45054ecd7338') in 0.047003 seconds
  Import took 0.054256 seconds .

========================================================================
Received Import Request.
  Time since last request: 1.479865 seconds.
  path: Assets/Prefabs/E.prefab
  artifactKey: Guid(a7de9b2b33fbfa346b772686aeed9b30) Importer(815301076,1909f56bfc062723c751e8b465ee728b)
Start importing Assets/Prefabs/E.prefab using Guid(a7de9b2b33fbfa346b772686aeed9b30) Importer(815301076,1909f56bfc062723c751e8b465ee728b)  -> (artifact id: 'a1667c9cf47e43b96e25a375cfa98da3') in 0.051829 seconds
  Import took 0.247709 seconds .

========================================================================
Received Import Request.
  Time since last request: 2.286166 seconds.
  path: Assets/Prefabs/E.prefab
  artifactKey: Guid(a7de9b2b33fbfa346b772686aeed9b30) Importer(815301076,1909f56bfc062723c751e8b465ee728b)
Start importing Assets/Prefabs/E.prefab using Guid(a7de9b2b33fbfa346b772686aeed9b30) Importer(815301076,1909f56bfc062723c751e8b465ee728b)  -> (artifact id: '2a11ae2ce9a16c54fe5c91fd35a4a375') in 0.042864 seconds
  Import took 0.405605 seconds .

========================================================================
Received Import Request.
  Time since last request: 5.257771 seconds.
  path: Assets/Prefabs/E.prefab
  artifactKey: Guid(a7de9b2b33fbfa346b772686aeed9b30) Importer(815301076,1909f56bfc062723c751e8b465ee728b)
Start importing Assets/Prefabs/E.prefab using Guid(a7de9b2b33fbfa346b772686aeed9b30) Importer(815301076,1909f56bfc062723c751e8b465ee728b)  -> (artifact id: 'a78643c5a58410a9e4c35c060ad18ccf') in 0.042985 seconds
  Import took 0.049400 seconds .

========================================================================
Received Import Request.
  Time since last request: 9.733290 seconds.
  path: Assets/Prefabs/E.prefab
  artifactKey: Guid(a7de9b2b33fbfa346b772686aeed9b30) Importer(815301076,1909f56bfc062723c751e8b465ee728b)
Start importing Assets/Prefabs/E.prefab using Guid(a7de9b2b33fbfa346b772686aeed9b30) Importer(815301076,1909f56bfc062723c751e8b465ee728b)  -> (artifact id: 'bdde69a4880a2f3e11c9dec31f029a50') in 0.041930 seconds
  Import took 0.046376 seconds .

========================================================================
Received Prepare
Registering precompiled user dll's ...
Registered in 0.008713 seconds.
Begin MonoManager ReloadAssembly
Native extension for WindowsStandalone target not found
Refreshing native plugins compatible for Editor in 0.24 ms, found 0 plugins.
Preloading 0 native plugins for Editor in 0.00 ms.
Mono: successfully reloaded assembly
- Completed reload, in  1.436 seconds
Platform modules already initialized, skipping
Refreshing native plugins compatible for Editor in 0.29 ms, found 0 plugins.
Preloading 0 native plugins for Editor in 0.00 ms.
Unloading 1138 Unused Serialized files (Serialized files now loaded: 0)
System memory in use before: 88.8 MB.
System memory in use after: 88.8 MB.

Unloading 5 unused Assets to reduce memory usage. Loaded Objects now: 1677.
Total: 10.906100 ms (FindLiveObjects: 5.748700 ms CreateObjectMapping: 0.233700 ms MarkObjects: 4.600400 ms  DeleteObjects: 0.196600 ms)

========================================================================
Received Import Request.
  Time since last request: 349.594445 seconds.
  path: Assets/Materials/Mat Green.mat
  artifactKey: Guid(e4422123c8a664c41ae8e3c6314ac4c6) Importer(815301076,1909f56bfc062723c751e8b465ee728b)
Start importing Assets/Materials/Mat Green.mat using Guid(e4422123c8a664c41ae8e3c6314ac4c6) Importer(815301076,1909f56bfc062723c751e8b465ee728b)  -> (artifact id: 'd0ca73da4ebe19f6be40d4bb128f9efd') in 0.114321 seconds
  Import took 0.117126 seconds .

========================================================================
Received Import Request.
  Time since last request: 0.000353 seconds.
  path: Assets/Materials/ZombieTextureImproved.mat
  artifactKey: Guid(3dc646bb0f3d242479365b2d1c8c4f32) Importer(815301076,1909f56bfc062723c751e8b465ee728b)
Start importing Assets/Materials/ZombieTextureImproved.mat using Guid(3dc646bb0f3d242479365b2d1c8c4f32) Importer(815301076,1909f56bfc062723c751e8b465ee728b)  -> (artifact id: 'c342df2b3a16cb834e667ba045b004e5') in 0.028801 seconds
  Import took 0.031652 seconds .

========================================================================
Received Import Request.
  Time since last request: 7.188322 seconds.
  path: Assets/Prefabs/E.prefab
  artifactKey: Guid(a7de9b2b33fbfa346b772686aeed9b30) Importer(815301076,1909f56bfc062723c751e8b465ee728b)
Start importing Assets/Prefabs/E.prefab using Guid(a7de9b2b33fbfa346b772686aeed9b30) Importer(815301076,1909f56bfc062723c751e8b465ee728b)  -> (artifact id: '7b34b46a383c7e690412e7d9e80faa43') in 0.062362 seconds
  Import took 0.068258 seconds .

========================================================================
Received Import Request.
  Time since last request: 69.190746 seconds.
  path: Assets/Prefabs/E.prefab
  artifactKey: Guid(a7de9b2b33fbfa346b772686aeed9b30) Importer(815301076,1909f56bfc062723c751e8b465ee728b)
Start importing Assets/Prefabs/E.prefab using Guid(a7de9b2b33fbfa346b772686aeed9b30) Importer(815301076,1909f56bfc062723c751e8b465ee728b)  -> (artifact id: 'f335433af3e90a51dc840e6a0785f856') in 0.043355 seconds
  Import took 0.050242 seconds .

========================================================================
Received Import Request.
  Time since last request: 83.372096 seconds.
  path: Assets/Prefabs/E.controller
  artifactKey: Guid(f4a8abf38984a4041834311337dc3144) Importer(815301076,1909f56bfc062723c751e8b465ee728b)
Start importing Assets/Prefabs/E.controller using Guid(f4a8abf38984a4041834311337dc3144) Importer(815301076,1909f56bfc062723c751e8b465ee728b)  -> (artifact id: 'd0f1f1973213713a217e75d4398ee37d') in 0.012122 seconds
  Import took 0.015803 seconds .

========================================================================
Received Import Request.
  Time since last request: 11.015149 seconds.
  path: Assets/Prefabs/E.prefab
  artifactKey: Guid(a7de9b2b33fbfa346b772686aeed9b30) Importer(815301076,1909f56bfc062723c751e8b465ee728b)
Start importing Assets/Prefabs/E.prefab using Guid(a7de9b2b33fbfa346b772686aeed9b30) Importer(815301076,1909f56bfc062723c751e8b465ee728b) The Animator Controller (E) you have used is not valid. Animations will not play
UnityEngine.StackTraceUtility:ExtractStackTrace ()
UnityEditor.EditorUtility:Internal_InstantiateRemoveAllNonAnimationComponentsSingle (UnityEngine.Object,UnityEngine.Vector3,UnityEngine.Quaternion)
UnityEditor.EditorUtility:InstantiateRemoveAllNonAnimationComponents (UnityEngine.Object,UnityEngine.Vector3,UnityEngine.Quaternion)
UnityEditor.EditorUtility:InstantiateForAnimatorPreview (UnityEngine.Object)
UnityEditor.GameObjectInspector/PreviewData:UpdateGameObject (UnityEngine.Object)
UnityEditor.GameObjectInspector/PreviewData:.ctor (UnityEngine.Object)
UnityEditor.GameObjectInspector:GetPreviewData ()
UnityEditor.GameObjectInspector:RenderStaticPreview (string,UnityEngine.Object[],int,int)
UnityEditor.AssetPreviewUpdater:CreatePreviewForAsset (UnityEngine.Object,UnityEngine.Object[],string)

[C:\buildslave\unity\build\Modules/Animation/Director/AnimatorControllerPlayable.cpp line 333]

The Animator Controller (E) you have used is not valid. Animations will not play
UnityEngine.StackTraceUtility:ExtractStackTrace ()
UnityEditor.EditorUtility:InitInstantiatedPreviewRecursive (UnityEngine.GameObject)
UnityEditor.EditorUtility:InstantiateForAnimatorPreview (UnityEngine.Object)
UnityEditor.GameObjectInspector/PreviewData:UpdateGameObject (UnityEngine.Object)
UnityEditor.GameObjectInspector/PreviewData:.ctor (UnityEngine.Object)
UnityEditor.GameObjectInspector:GetPreviewData ()
UnityEditor.GameObjectInspector:RenderStaticPreview (string,UnityEngine.Object[],int,int)
UnityEditor.AssetPreviewUpdater:CreatePreviewForAsset (UnityEngine.Object,UnityEngine.Object[],string)

[C:\buildslave\unity\build\Modules/Animation/Director/AnimatorControllerPlayable.cpp line 333]

 -> (artifact id: '54c8384c91f6eef57f8cd450311b4159') in 0.093828 seconds
  Import took 0.318491 seconds .

========================================================================
Received Prepare
Registering precompiled user dll's ...
Registered in 0.001136 seconds.
Begin MonoManager ReloadAssembly
Native extension for WindowsStandalone target not found
Refreshing native plugins compatible for Editor in 0.46 ms, found 0 plugins.
Preloading 0 native plugins for Editor in 0.00 ms.
Mono: successfully reloaded assembly
- Completed reload, in  1.498 seconds
Platform modules already initialized, skipping
Refreshing native plugins compatible for Editor in 0.48 ms, found 0 plugins.
Preloading 0 native plugins for Editor in 0.00 ms.
Unloading 1138 Unused Serialized files (Serialized files now loaded: 0)
System memory in use before: 88.8 MB.
System memory in use after: 88.9 MB.

Unloading 5 unused Assets to reduce memory usage. Loaded Objects now: 1681.
Total: 3.905600 ms (FindLiveObjects: 0.341700 ms CreateObjectMapping: 0.099700 ms MarkObjects: 3.369400 ms  DeleteObjects: 0.092200 ms)

========================================================================
Received Import Request.
  Time since last request: 72.366162 seconds.
  path: Assets/Prefabs/ZombieAnim1.fbx
  artifactKey: Guid(e36fef688a2a2d144ba3e6bc3a78f876) Importer(815301076,1909f56bfc062723c751e8b465ee728b)
Start importing Assets/Prefabs/ZombieAnim1.fbx using Guid(e36fef688a2a2d144ba3e6bc3a78f876) Importer(815301076,1909f56bfc062723c751e8b465ee728b)  -> (artifact id: '86cf11dafcbdb8363190278937f5a727') in 0.390946 seconds
  Import took 0.404438 seconds .

========================================================================
Received Import Request.
  Time since last request: 1.045826 seconds.
  path: Assets/Prefabs/ZombieAnim1.fbx
  artifactKey: Guid(e36fef688a2a2d144ba3e6bc3a78f876) Importer(815301076,1909f56bfc062723c751e8b465ee728b)
Start importing Assets/Prefabs/ZombieAnim1.fbx using Guid(e36fef688a2a2d144ba3e6bc3a78f876) Importer(815301076,1909f56bfc062723c751e8b465ee728b)  -> (artifact id: '86cf11dafcbdb8363190278937f5a727') in 0.259826 seconds
  Import took 0.265723 seconds .

========================================================================
Received Prepare
Registering precompiled user dll's ...
Registered in 0.001161 seconds.
Begin MonoManager ReloadAssembly
Native extension for WindowsStandalone target not found
Refreshing native plugins compatible for Editor in 0.86 ms, found 0 plugins.
Preloading 0 native plugins for Editor in 0.00 ms.
Mono: successfully reloaded assembly
- Completed reload, in  1.610 seconds
Platform modules already initialized, skipping
Refreshing native plugins compatible for Editor in 0.37 ms, found 0 plugins.
Preloading 0 native plugins for Editor in 0.00 ms.
Unloading 1138 Unused Serialized files (Serialized files now loaded: 0)
System memory in use before: 88.8 MB.
System memory in use after: 88.9 MB.

Unloading 5 unused Assets to reduce memory usage. Loaded Objects now: 1685.
Total: 2.375200 ms (FindLiveObjects: 0.210000 ms CreateObjectMapping: 0.063900 ms MarkObjects: 1.987900 ms  DeleteObjects: 0.111500 ms)

========================================================================
Received Import Request.
  Time since last request: 45.593281 seconds.
  path: Assets/Prefabs/E.prefab
  artifactKey: Guid(a7de9b2b33fbfa346b772686aeed9b30) Importer(815301076,1909f56bfc062723c751e8b465ee728b)
Start importing Assets/Prefabs/E.prefab using Guid(a7de9b2b33fbfa346b772686aeed9b30) Importer(815301076,1909f56bfc062723c751e8b465ee728b)  -> (artifact id: '92471bdffd57f97bc0d5975dce40a512') in 0.132237 seconds
  Import took 0.136412 seconds .

========================================================================
Received Import Request.
  Time since last request: 40.052591 seconds.
  path: Assets/Prefabs/E.prefab
  artifactKey: Guid(a7de9b2b33fbfa346b772686aeed9b30) Importer(815301076,1909f56bfc062723c751e8b465ee728b)
Start importing Assets/Prefabs/E.prefab using Guid(a7de9b2b33fbfa346b772686aeed9b30) Importer(815301076,1909f56bfc062723c751e8b465ee728b)  -> (artifact id: 'b3334a74269dc6fbb2b245bbeee0a8d9') in 0.055772 seconds
  Import took 0.061997 seconds .

========================================================================
Received Prepare
Registering precompiled user dll's ...
Registered in 0.001626 seconds.
Begin MonoManager ReloadAssembly
Native extension for WindowsStandalone target not found
Refreshing native plugins compatible for Editor in 0.51 ms, found 0 plugins.
Preloading 0 native plugins for Editor in 0.00 ms.
Mono: successfully reloaded assembly
- Completed reload, in  1.845 seconds
Platform modules already initialized, skipping
Refreshing native plugins compatible for Editor in 0.23 ms, found 0 plugins.
Preloading 0 native plugins for Editor in 0.00 ms.
Unloading 1138 Unused Serialized files (Serialized files now loaded: 0)
System memory in use before: 89.0 MB.
System memory in use after: 89.0 MB.

Unloading 5 unused Assets to reduce memory usage. Loaded Objects now: 1689.
Total: 2.224200 ms (FindLiveObjects: 0.239900 ms CreateObjectMapping: 0.072400 ms MarkObjects: 1.836500 ms  DeleteObjects: 0.073300 ms)

========================================================================
Received Import Request.
  Time since last request: 186.080280 seconds.
  path: Assets/Prefabs/E.prefab
  artifactKey: Guid(a7de9b2b33fbfa346b772686aeed9b30) Importer(815301076,1909f56bfc062723c751e8b465ee728b)
Start importing Assets/Prefabs/E.prefab using Guid(a7de9b2b33fbfa346b772686aeed9b30) Importer(815301076,1909f56bfc062723c751e8b465ee728b)  -> (artifact id: '1741d14ed5263584e7f56cc4a519bce7') in 0.223548 seconds
  Import took 0.227932 seconds .

========================================================================
Received Prepare
Registering precompiled user dll's ...
Registered in 0.008612 seconds.
Begin MonoManager ReloadAssembly
Native extension for WindowsStandalone target not found
Refreshing native plugins compatible for Editor in 0.27 ms, found 0 plugins.
Preloading 0 native plugins for Editor in 0.00 ms.
Mono: successfully reloaded assembly
- Completed reload, in  1.491 seconds
Platform modules already initialized, skipping
Refreshing native plugins compatible for Editor in 0.29 ms, found 0 plugins.
Preloading 0 native plugins for Editor in 0.00 ms.
Unloading 1138 Unused Serialized files (Serialized files now loaded: 0)
System memory in use before: 89.0 MB.
System memory in use after: 89.0 MB.

Unloading 5 unused Assets to reduce memory usage. Loaded Objects now: 1693.
Total: 4.994600 ms (FindLiveObjects: 0.591100 ms CreateObjectMapping: 0.166100 ms MarkObjects: 3.950500 ms  DeleteObjects: 0.283400 ms)

========================================================================
Received Prepare
Registering precompiled user dll's ...
Registered in 0.001131 seconds.
Begin MonoManager ReloadAssembly
Native extension for WindowsStandalone target not found
Refreshing native plugins compatible for Editor in 0.35 ms, found 0 plugins.
Preloading 0 native plugins for Editor in 0.00 ms.
Mono: successfully reloaded assembly
- Completed reload, in  1.296 seconds
Platform modules already initialized, skipping
Refreshing native plugins compatible for Editor in 0.31 ms, found 0 plugins.
Preloading 0 native plugins for Editor in 0.00 ms.
Unloading 1138 Unused Serialized files (Serialized files now loaded: 0)
System memory in use before: 89.0 MB.
System memory in use after: 89.0 MB.

Unloading 5 unused Assets to reduce memory usage. Loaded Objects now: 1696.
Total: 3.720400 ms (FindLiveObjects: 0.397700 ms CreateObjectMapping: 0.193000 ms MarkObjects: 3.018900 ms  DeleteObjects: 0.107500 ms)

========================================================================
Received Prepare
Registering precompiled user dll's ...
Registered in 0.002293 seconds.
Begin MonoManager ReloadAssembly
Native extension for WindowsStandalone target not found
Refreshing native plugins compatible for Editor in 0.21 ms, found 0 plugins.
Preloading 0 native plugins for Editor in 0.00 ms.
Mono: successfully reloaded assembly
- Completed reload, in  1.299 seconds
Platform modules already initialized, skipping
Refreshing native plugins compatible for Editor in 0.25 ms, found 0 plugins.
Preloading 0 native plugins for Editor in 0.00 ms.
Unloading 1138 Unused Serialized files (Serialized files now loaded: 0)
System memory in use before: 89.0 MB.
System memory in use after: 89.0 MB.

Unloading 5 unused Assets to reduce memory usage. Loaded Objects now: 1699.
Total: 7.333400 ms (FindLiveObjects: 0.599600 ms CreateObjectMapping: 0.338800 ms MarkObjects: 6.278200 ms  DeleteObjects: 0.112900 ms)

========================================================================
Received Prepare
Registering precompiled user dll's ...
Registered in 0.001747 seconds.
Begin MonoManager ReloadAssembly
Native extension for WindowsStandalone target not found
Refreshing native plugins compatible for Editor in 0.30 ms, found 0 plugins.
Preloading 0 native plugins for Editor in 0.00 ms.
Mono: successfully reloaded assembly
- Completed reload, in  1.582 seconds
Platform modules already initialized, skipping
Refreshing native plugins compatible for Editor in 0.34 ms, found 0 plugins.
Preloading 0 native plugins for Editor in 0.00 ms.
Unloading 1138 Unused Serialized files (Serialized files now loaded: 0)
System memory in use before: 89.0 MB.
System memory in use after: 89.0 MB.

Unloading 5 unused Assets to reduce memory usage. Loaded Objects now: 1702.
Total: 6.407600 ms (FindLiveObjects: 0.679200 ms CreateObjectMapping: 0.168700 ms MarkObjects: 5.428000 ms  DeleteObjects: 0.128400 ms)

========================================================================
Received Prepare
Registering precompiled user dll's ...
Registered in 0.001980 seconds.
Begin MonoManager ReloadAssembly
Native extension for WindowsStandalone target not found
Refreshing native plugins compatible for Editor in 0.21 ms, found 0 plugins.
Preloading 0 native plugins for Editor in 0.00 ms.
Mono: successfully reloaded assembly
- Completed reload, in  1.517 seconds
Platform modules already initialized, skipping
Refreshing native plugins compatible for Editor in 0.26 ms, found 0 plugins.
Preloading 0 native plugins for Editor in 0.00 ms.
Unloading 1138 Unused Serialized files (Serialized files now loaded: 0)
System memory in use before: 89.0 MB.
System memory in use after: 89.0 MB.

Unloading 5 unused Assets to reduce memory usage. Loaded Objects now: 1705.
Total: 1.820400 ms (FindLiveObjects: 0.157600 ms CreateObjectMapping: 0.040900 ms MarkObjects: 1.552400 ms  DeleteObjects: 0.068400 ms)

========================================================================
Received Prepare
Registering precompiled user dll's ...
Registered in 0.001459 seconds.
Begin MonoManager ReloadAssembly
Native extension for WindowsStandalone target not found
Refreshing native plugins compatible for Editor in 0.45 ms, found 0 plugins.
Preloading 0 native plugins for Editor in 0.00 ms.
Mono: successfully reloaded assembly
- Completed reload, in  1.610 seconds
Platform modules already initialized, skipping
Refreshing native plugins compatible for Editor in 0.48 ms, found 0 plugins.
Preloading 0 native plugins for Editor in 0.00 ms.
Unloading 1138 Unused Serialized files (Serialized files now loaded: 0)
System memory in use before: 89.0 MB.
System memory in use after: 89.0 MB.

Unloading 5 unused Assets to reduce memory usage. Loaded Objects now: 1708.
Total: 3.625600 ms (FindLiveObjects: 0.483600 ms CreateObjectMapping: 0.150100 ms MarkObjects: 2.894500 ms  DeleteObjects: 0.095000 ms)

========================================================================
Received Prepare
Registering precompiled user dll's ...
Registered in 0.001179 seconds.
Begin MonoManager ReloadAssembly
Native extension for WindowsStandalone target not found
Refreshing native plugins compatible for Editor in 0.41 ms, found 0 plugins.
Preloading 0 native plugins for Editor in 0.00 ms.
Mono: successfully reloaded assembly
- Completed reload, in  1.494 seconds
Platform modules already initialized, skipping
Refreshing native plugins compatible for Editor in 0.38 ms, found 0 plugins.
Preloading 0 native plugins for Editor in 0.00 ms.
Unloading 1138 Unused Serialized files (Serialized files now loaded: 0)
System memory in use before: 89.0 MB.
System memory in use after: 89.1 MB.

Unloading 5 unused Assets to reduce memory usage. Loaded Objects now: 1711.
Total: 3.797200 ms (FindLiveObjects: 0.332000 ms CreateObjectMapping: 0.120100 ms MarkObjects: 3.226600 ms  DeleteObjects: 0.116200 ms)

========================================================================
Received Prepare
Registering precompiled user dll's ...
Registered in 0.001239 seconds.
Begin MonoManager ReloadAssembly
Native extension for WindowsStandalone target not found
Refreshing native plugins compatible for Editor in 0.47 ms, found 0 plugins.
Preloading 0 native plugins for Editor in 0.00 ms.
Mono: successfully reloaded assembly
- Completed reload, in  1.574 seconds
Platform modules already initialized, skipping
Refreshing native plugins compatible for Editor in 0.47 ms, found 0 plugins.
Preloading 0 native plugins for Editor in 0.00 ms.
Unloading 1138 Unused Serialized files (Serialized files now loaded: 0)
System memory in use before: 89.0 MB.
System memory in use after: 89.1 MB.

Unloading 5 unused Assets to reduce memory usage. Loaded Objects now: 1714.
Total: 5.275200 ms (FindLiveObjects: 1.077600 ms CreateObjectMapping: 0.201000 ms MarkObjects: 3.863100 ms  DeleteObjects: 0.130600 ms)

========================================================================
Received Prepare
Registering precompiled user dll's ...
Registered in 0.003123 seconds.
Begin MonoManager ReloadAssembly
Native extension for WindowsStandalone target not found
Refreshing native plugins compatible for Editor in 1.01 ms, found 0 plugins.
Preloading 0 native plugins for Editor in 0.00 ms.
Mono: successfully reloaded assembly
- Completed reload, in  1.997 seconds
Platform modules already initialized, skipping
Refreshing native plugins compatible for Editor in 0.50 ms, found 0 plugins.
Preloading 0 native plugins for Editor in 0.00 ms.
Unloading 1138 Unused Serialized files (Serialized files now loaded: 0)
System memory in use before: 89.0 MB.
System memory in use after: 89.1 MB.

Unloading 5 unused Assets to reduce memory usage. Loaded Objects now: 1717.
Total: 6.379100 ms (FindLiveObjects: 0.306200 ms CreateObjectMapping: 0.247400 ms MarkObjects: 5.735000 ms  DeleteObjects: 0.088300 ms)

========================================================================
Received Import Request.
  Time since last request: 1369.176595 seconds.
  path: Assets/Scenes/MainMenu.unity
  artifactKey: Guid(069482d5e567af845a7d0a21b94a3fab) Importer(815301076,1909f56bfc062723c751e8b465ee728b)
Start importing Assets/Scenes/MainMenu.unity using Guid(069482d5e567af845a7d0a21b94a3fab) Importer(815301076,1909f56bfc062723c751e8b465ee728b)  -> (artifact id: 'eb86ff8ed7a71c06b82aa4124053ffa5') in 0.027081 seconds
  Import took 0.033760 seconds .

========================================================================
Received Prepare
Registering precompiled user dll's ...
Registered in 0.004243 seconds.
Begin MonoManager ReloadAssembly
Native extension for WindowsStandalone target not found
Refreshing native plugins compatible for Editor in 0.56 ms, found 0 plugins.
Preloading 0 native plugins for Editor in 0.00 ms.
Mono: successfully reloaded assembly
- Completed reload, in  2.384 seconds
Platform modules already initialized, skipping
Refreshing native plugins compatible for Editor in 0.24 ms, found 0 plugins.
Preloading 0 native plugins for Editor in 0.00 ms.
Unloading 1138 Unused Serialized files (Serialized files now loaded: 0)
System memory in use before: 89.0 MB.
System memory in use after: 89.1 MB.

Unloading 5 unused Assets to reduce memory usage. Loaded Objects now: 1720.
Total: 7.089100 ms (FindLiveObjects: 0.321900 ms CreateObjectMapping: 0.084100 ms MarkObjects: 6.558200 ms  DeleteObjects: 0.121800 ms)

========================================================================
Received Import Request.
  Time since last request: 383.087867 seconds.
  path: Assets/Scenes/SampleScene.unity
  artifactKey: Guid(9fc0d4010bbf28b4594072e72b8655ab) Importer(815301076,1909f56bfc062723c751e8b465ee728b)
Start importing Assets/Scenes/SampleScene.unity using Guid(9fc0d4010bbf28b4594072e72b8655ab) Importer(815301076,1909f56bfc062723c751e8b465ee728b)  -> (artifact id: '74f374ea7b83cee4d51159ad7f284554') in 0.033456 seconds
  Import took 0.037051 seconds .

========================================================================
Received Import Request.
  Time since last request: 0.003158 seconds.
  path: Assets/Scenes/SampleScene.unity
  artifactKey: Guid(9fc0d4010bbf28b4594072e72b8655ab) Importer(815301076,1909f56bfc062723c751e8b465ee728b)
Start importing Assets/Scenes/SampleScene.unity using Guid(9fc0d4010bbf28b4594072e72b8655ab) Importer(815301076,1909f56bfc062723c751e8b465ee728b)  -> (artifact id: '74f374ea7b83cee4d51159ad7f284554') in 0.004330 seconds
  Import took 0.014188 seconds .

========================================================================
Received Prepare
Registering precompiled user dll's ...
Registered in 0.001408 seconds.
Begin MonoManager ReloadAssembly
Native extension for WindowsStandalone target not found
Refreshing native plugins compatible for Editor in 0.69 ms, found 0 plugins.
Preloading 0 native plugins for Editor in 0.00 ms.
Mono: successfully reloaded assembly
- Completed reload, in  1.686 seconds
Platform modules already initialized, skipping
Refreshing native plugins compatible for Editor in 0.35 ms, found 0 plugins.
Preloading 0 native plugins for Editor in 0.00 ms.
Unloading 1138 Unused Serialized files (Serialized files now loaded: 0)
System memory in use before: 89.0 MB.
System memory in use after: 89.1 MB.

Unloading 5 unused Assets to reduce memory usage. Loaded Objects now: 1723.
Total: 13.377700 ms (FindLiveObjects: 5.703600 ms CreateObjectMapping: 0.490800 ms MarkObjects: 7.032000 ms  DeleteObjects: 0.138400 ms)

========================================================================
Received Prepare
Registering precompiled user dll's ...
Registered in 0.001984 seconds.
Begin MonoManager ReloadAssembly
Native extension for WindowsStandalone target not found
Refreshing native plugins compatible for Editor in 0.28 ms, found 0 plugins.
Preloading 0 native plugins for Editor in 0.00 ms.
Mono: successfully reloaded assembly
- Completed reload, in  1.425 seconds
Platform modules already initialized, skipping
Refreshing native plugins compatible for Editor in 0.89 ms, found 0 plugins.
Preloading 0 native plugins for Editor in 0.00 ms.
Unloading 1138 Unused Serialized files (Serialized files now loaded: 0)
System memory in use before: 89.0 MB.
System memory in use after: 89.1 MB.

Unloading 5 unused Assets to reduce memory usage. Loaded Objects now: 1726.
Total: 2.116800 ms (FindLiveObjects: 0.196600 ms CreateObjectMapping: 0.050300 ms MarkObjects: 1.792900 ms  DeleteObjects: 0.075800 ms)

========================================================================
Received Import Request.
  Time since last request: 38.988880 seconds.
  path: Assets/Scenes/MainMenu.unity
  artifactKey: Guid(069482d5e567af845a7d0a21b94a3fab) Importer(815301076,1909f56bfc062723c751e8b465ee728b)
Start importing Assets/Scenes/MainMenu.unity using Guid(069482d5e567af845a7d0a21b94a3fab) Importer(815301076,1909f56bfc062723c751e8b465ee728b)  -> (artifact id: '5e8a676699b0fb17347a15a112904d11') in 0.024506 seconds
  Import took 0.034881 seconds .

========================================================================
Received Prepare
Registering precompiled user dll's ...
Registered in 0.001733 seconds.
Begin MonoManager ReloadAssembly
Native extension for WindowsStandalone target not found
Refreshing native plugins compatible for Editor in 0.43 ms, found 0 plugins.
Preloading 0 native plugins for Editor in 0.00 ms.
Mono: successfully reloaded assembly
- Completed reload, in  1.388 seconds
Platform modules already initialized, skipping
Refreshing native plugins compatible for Editor in 0.29 ms, found 0 plugins.
Preloading 0 native plugins for Editor in 0.00 ms.
Unloading 1138 Unused Serialized files (Serialized files now loaded: 0)
System memory in use before: 89.0 MB.
System memory in use after: 89.1 MB.

Unloading 5 unused Assets to reduce memory usage. Loaded Objects now: 1729.
Total: 5.177600 ms (FindLiveObjects: 0.781300 ms CreateObjectMapping: 0.082100 ms MarkObjects: 4.200600 ms  DeleteObjects: 0.109300 ms)

========================================================================
Received Import Request.
  Time since last request: 173.024843 seconds.
  path: Assets/Prefabs/E.prefab
  artifactKey: Guid(a7de9b2b33fbfa346b772686aeed9b30) Importer(815301076,1909f56bfc062723c751e8b465ee728b)
Start importing Assets/Prefabs/E.prefab using Guid(a7de9b2b33fbfa346b772686aeed9b30) Importer(815301076,1909f56bfc062723c751e8b465ee728b)  -> (artifact id: '47615f866cc4e73934607d49d18b0001') in 0.212853 seconds
  Import took 0.218472 seconds .

========================================================================
Received Import Request.
  Time since last request: 0.000313 seconds.
  path: Assets/Prefabs/Player.prefab
  artifactKey: Guid(497a58ddb0d7ff34abb18a955f6201dd) Importer(815301076,1909f56bfc062723c751e8b465ee728b)
Start importing Assets/Prefabs/Player.prefab using Guid(497a58ddb0d7ff34abb18a955f6201dd) Importer(815301076,1909f56bfc062723c751e8b465ee728b)  -> (artifact id: '31b104ef07ec485beb244199aab3718c') in 0.109867 seconds
  Import took 0.119162 seconds .

========================================================================
Received Import Request.
  Time since last request: 10.128351 seconds.
  path: Assets/TitleScreen1.png
  artifactKey: Guid(43fa2f98bb47e5d4dbc7f41864af785c) Importer(815301076,1909f56bfc062723c751e8b465ee728b)
Start importing Assets/TitleScreen1.png using Guid(43fa2f98bb47e5d4dbc7f41864af785c) Importer(815301076,1909f56bfc062723c751e8b465ee728b)  -> (artifact id: '965c2bd7da3be6e05a6486647e7a1ca4') in 0.057143 seconds
  Import took 0.060787 seconds .

========================================================================
Received Import Request.
  Time since last request: 8.887937 seconds.
  path: Assets/UI
  artifactKey: Guid(6dc8e02505ab9184d93f22e5a71821e2) Importer(815301076,1909f56bfc062723c751e8b465ee728b)
Start importing Assets/UI using Guid(6dc8e02505ab9184d93f22e5a71821e2) Importer(815301076,1909f56bfc062723c751e8b465ee728b)  -> (artifact id: '644bde6f02a098caa2516a0f18cfca72') in 0.008893 seconds
  Import took 0.013474 seconds .

========================================================================
Received Import Request.
  Time since last request: 6.730411 seconds.
  path: Assets/UI/PlayButton.png
  artifactKey: Guid(de405e616dc315f4d82309ada3436d42) Importer(815301076,1909f56bfc062723c751e8b465ee728b)
Start importing Assets/UI/PlayButton.png using Guid(de405e616dc315f4d82309ada3436d42) Importer(815301076,1909f56bfc062723c751e8b465ee728b)  -> (artifact id: '9f5ca38358ecf53c7f3d9bd79d617914') in 0.014041 seconds
  Import took 0.018011 seconds .

========================================================================
Received Import Request.
  Time since last request: 0.005520 seconds.
  path: Assets/UI/PlayButton.png
  artifactKey: Guid(de405e616dc315f4d82309ada3436d42) Importer(815301076,1909f56bfc062723c751e8b465ee728b)
Start importing Assets/UI/PlayButton.png using Guid(de405e616dc315f4d82309ada3436d42) Importer(815301076,1909f56bfc062723c751e8b465ee728b)  -> (artifact id: '9f5ca38358ecf53c7f3d9bd79d617914') in 0.018709 seconds
  Import took 0.233356 seconds .

========================================================================
Received Import Request.
  Time since last request: 23.859438 seconds.
  path: Assets/UI/TitleScreen1.png
  artifactKey: Guid(43fa2f98bb47e5d4dbc7f41864af785c) Importer(815301076,1909f56bfc062723c751e8b465ee728b)
Start importing Assets/UI/TitleScreen1.png using Guid(43fa2f98bb47e5d4dbc7f41864af785c) Importer(815301076,1909f56bfc062723c751e8b465ee728b)  -> (artifact id: 'ec09caead1d2be55c5340d8849371b67') in 0.013988 seconds
  Import took 0.245884 seconds .

========================================================================
Received Import Request.
  Time since last request: 3.852253 seconds.
  path: Assets/UI/PlayButton.png
  artifactKey: Guid(de405e616dc315f4d82309ada3436d42) Importer(815301076,1909f56bfc062723c751e8b465ee728b)
Start importing Assets/UI/PlayButton.png using Guid(de405e616dc315f4d82309ada3436d42) Importer(815301076,1909f56bfc062723c751e8b465ee728b)  -> (artifact id: '277933aafc048a5263f48063c2bc1f2c') in 0.020878 seconds
  Import took 0.028133 seconds .

========================================================================
Received Import Request.
  Time since last request: 0.012973 seconds.
  path: Assets/UI/PlayButton.png
  artifactKey: Guid(de405e616dc315f4d82309ada3436d42) Importer(815301076,1909f56bfc062723c751e8b465ee728b)
Start importing Assets/UI/PlayButton.png using Guid(de405e616dc315f4d82309ada3436d42) Importer(815301076,1909f56bfc062723c751e8b465ee728b)  -> (artifact id: '277933aafc048a5263f48063c2bc1f2c') in 0.013746 seconds
  Import took 0.021384 seconds .

========================================================================
Received Import Request.
  Time since last request: 152.526643 seconds.
  path: Assets/UI/PlayButton.png
  artifactKey: Guid(de405e616dc315f4d82309ada3436d42) Importer(815301076,1909f56bfc062723c751e8b465ee728b)
Start importing Assets/UI/PlayButton.png using Guid(de405e616dc315f4d82309ada3436d42) Importer(815301076,1909f56bfc062723c751e8b465ee728b)  -> (artifact id: '767aee41ee1759be94d237942ff467e4') in 0.215138 seconds
  Import took 0.445683 seconds .

========================================================================
Received Import Request.
  Time since last request: 8.032701 seconds.
  path: Assets/UI/TitleScreen1.png
  artifactKey: Guid(43fa2f98bb47e5d4dbc7f41864af785c) Importer(815301076,1909f56bfc062723c751e8b465ee728b)
Start importing Assets/UI/TitleScreen1.png using Guid(43fa2f98bb47e5d4dbc7f41864af785c) Importer(815301076,1909f56bfc062723c751e8b465ee728b)  -> (artifact id: '691f6d6ab591005fe9e0d1366a7d61c5') in 0.041509 seconds
  Import took 0.048315 seconds .

========================================================================
Received Prepare
Registering precompiled user dll's ...
Registered in 0.001062 seconds.
Begin MonoManager ReloadAssembly
Native extension for WindowsStandalone target not found
Refreshing native plugins compatible for Editor in 0.41 ms, found 0 plugins.
Preloading 0 native plugins for Editor in 0.00 ms.
Mono: successfully reloaded assembly
- Completed reload, in  1.573 seconds
Platform modules already initialized, skipping
Refreshing native plugins compatible for Editor in 0.55 ms, found 0 plugins.
Preloading 0 native plugins for Editor in 0.00 ms.
Unloading 1138 Unused Serialized files (Serialized files now loaded: 0)
System memory in use before: 89.1 MB.
System memory in use after: 89.2 MB.

Unloading 7 unused Assets to reduce memory usage. Loaded Objects now: 1735.
Total: 4.313800 ms (FindLiveObjects: 0.911900 ms CreateObjectMapping: 0.118300 ms MarkObjects: 3.147800 ms  DeleteObjects: 0.134000 ms)

========================================================================
Received Prepare
Registering precompiled user dll's ...
Registered in 0.001192 seconds.
Begin MonoManager ReloadAssembly
Native extension for WindowsStandalone target not found
Refreshing native plugins compatible for Editor in 0.27 ms, found 0 plugins.
Preloading 0 native plugins for Editor in 0.00 ms.
Mono: successfully reloaded assembly
- Completed reload, in  1.405 seconds
Platform modules already initialized, skipping
Refreshing native plugins compatible for Editor in 0.45 ms, found 0 plugins.
Preloading 0 native plugins for Editor in 0.00 ms.
Unloading 1138 Unused Serialized files (Serialized files now loaded: 0)
System memory in use before: 89.1 MB.
System memory in use after: 89.2 MB.

Unloading 5 unused Assets to reduce memory usage. Loaded Objects now: 1738.
Total: 3.615800 ms (FindLiveObjects: 0.390700 ms CreateObjectMapping: 0.143600 ms MarkObjects: 2.983500 ms  DeleteObjects: 0.095800 ms)

========================================================================
Received Prepare
Registering precompiled user dll's ...
Registered in 0.002067 seconds.
Begin MonoManager ReloadAssembly
Native extension for WindowsStandalone target not found
Refreshing native plugins compatible for Editor in 0.50 ms, found 0 plugins.
Preloading 0 native plugins for Editor in 0.00 ms.
Mono: successfully reloaded assembly
- Completed reload, in  1.652 seconds
Platform modules already initialized, skipping
Refreshing native plugins compatible for Editor in 0.44 ms, found 0 plugins.
Preloading 0 native plugins for Editor in 0.00 ms.
Unloading 1138 Unused Serialized files (Serialized files now loaded: 0)
System memory in use before: 89.1 MB.
System memory in use after: 89.2 MB.

Unloading 5 unused Assets to reduce memory usage. Loaded Objects now: 1741.
Total: 2.909800 ms (FindLiveObjects: 0.527300 ms CreateObjectMapping: 0.130800 ms MarkObjects: 2.166800 ms  DeleteObjects: 0.082200 ms)

========================================================================
Received Import Request.
  Time since last request: 1198.964297 seconds.
  path: Assets/UI/HelpButton.png
  artifactKey: Guid(deae3fd8c7cd86b409e478530b27c3a1) Importer(815301076,1909f56bfc062723c751e8b465ee728b)
Start importing Assets/UI/HelpButton.png using Guid(deae3fd8c7cd86b409e478530b27c3a1) Importer(815301076,1909f56bfc062723c751e8b465ee728b)  -> (artifact id: 'f31048f112d8d1992539e7f2bdcd3d1d') in 0.060721 seconds
  Import took 0.065368 seconds .

========================================================================
Received Import Request.
  Time since last request: 8.067405 seconds.
  path: Assets/UI/HelpButton.png
  artifactKey: Guid(deae3fd8c7cd86b409e478530b27c3a1) Importer(815301076,1909f56bfc062723c751e8b465ee728b)
Start importing Assets/UI/HelpButton.png using Guid(deae3fd8c7cd86b409e478530b27c3a1) Importer(815301076,1909f56bfc062723c751e8b465ee728b)  -> (artifact id: '0e8e70eed604a03b46da87c637e78ef6') in 0.011007 seconds
  Import took 0.014887 seconds .

========================================================================
Received Import Request.
  Time since last request: 0.021823 seconds.
  path: Assets/UI/HelpButton.png
  artifactKey: Guid(deae3fd8c7cd86b409e478530b27c3a1) Importer(815301076,1909f56bfc062723c751e8b465ee728b)
Start importing Assets/UI/HelpButton.png using Guid(deae3fd8c7cd86b409e478530b27c3a1) Importer(815301076,1909f56bfc062723c751e8b465ee728b)  -> (artifact id: '0e8e70eed604a03b46da87c637e78ef6') in 0.017806 seconds
  Import took 0.245480 seconds .

========================================================================
Received Import Request.
  Time since last request: 3.350928 seconds.
  path: Assets/UI/HelpButton.png
  artifactKey: Guid(deae3fd8c7cd86b409e478530b27c3a1) Importer(815301076,1909f56bfc062723c751e8b465ee728b)
Start importing Assets/UI/HelpButton.png using Guid(deae3fd8c7cd86b409e478530b27c3a1) Importer(815301076,1909f56bfc062723c751e8b465ee728b)  -> (artifact id: 'f74d75e65c11e5edcde6a9bec2322ce7') in 0.057979 seconds
  Import took 0.611429 seconds .

========================================================================
Received Import Request.
  Time since last request: 88.338737 seconds.
  path: Assets/Scenes/SampleScene.unity
  artifactKey: Guid(9fc0d4010bbf28b4594072e72b8655ab) Importer(815301076,1909f56bfc062723c751e8b465ee728b)
Start importing Assets/Scenes/SampleScene.unity using Guid(9fc0d4010bbf28b4594072e72b8655ab) Importer(815301076,1909f56bfc062723c751e8b465ee728b)  -> (artifact id: '6469ec9af32804cefeab1348ac4a4ee2') in 0.017839 seconds
  Import took 0.021577 seconds .

========================================================================
Received Prepare
Registering precompiled user dll's ...
Registered in 0.001098 seconds.
Begin MonoManager ReloadAssembly
Native extension for WindowsStandalone target not found
Refreshing native plugins compatible for Editor in 0.40 ms, found 0 plugins.
Preloading 0 native plugins for Editor in 0.00 ms.
Mono: successfully reloaded assembly
- Completed reload, in  1.373 seconds
Platform modules already initialized, skipping
Refreshing native plugins compatible for Editor in 0.24 ms, found 0 plugins.
Preloading 0 native plugins for Editor in 0.00 ms.
Unloading 1138 Unused Serialized files (Serialized files now loaded: 0)
System memory in use before: 89.1 MB.
System memory in use after: 89.2 MB.

Unloading 5 unused Assets to reduce memory usage. Loaded Objects now: 1745.
Total: 3.095200 ms (FindLiveObjects: 0.375000 ms CreateObjectMapping: 0.097600 ms MarkObjects: 2.512400 ms  DeleteObjects: 0.107300 ms)

========================================================================
Received Prepare
Registering precompiled user dll's ...
Registered in 0.001391 seconds.
Begin MonoManager ReloadAssembly
Native extension for WindowsStandalone target not found
Refreshing native plugins compatible for Editor in 0.38 ms, found 0 plugins.
Preloading 0 native plugins for Editor in 0.00 ms.
Mono: successfully reloaded assembly
- Completed reload, in  1.640 seconds
Platform modules already initialized, skipping
Refreshing native plugins compatible for Editor in 0.34 ms, found 0 plugins.
Preloading 0 native plugins for Editor in 0.00 ms.
Unloading 1138 Unused Serialized files (Serialized files now loaded: 0)
System memory in use before: 89.1 MB.
System memory in use after: 89.2 MB.

Unloading 5 unused Assets to reduce memory usage. Loaded Objects now: 1748.
Total: 21.432200 ms (FindLiveObjects: 1.354500 ms CreateObjectMapping: 0.242200 ms MarkObjects: 19.650000 ms  DeleteObjects: 0.181400 ms)

========================================================================
Received Prepare
Registering precompiled user dll's ...
Registered in 0.001121 seconds.
Begin MonoManager ReloadAssembly
Native extension for WindowsStandalone target not found
Refreshing native plugins compatible for Editor in 0.24 ms, found 0 plugins.
Preloading 0 native plugins for Editor in 0.00 ms.
Mono: successfully reloaded assembly
- Completed reload, in  1.537 seconds
Platform modules already initialized, skipping
Refreshing native plugins compatible for Editor in 0.29 ms, found 0 plugins.
Preloading 0 native plugins for Editor in 0.00 ms.
Unloading 1138 Unused Serialized files (Serialized files now loaded: 0)
System memory in use before: 89.1 MB.
System memory in use after: 89.2 MB.

Unloading 5 unused Assets to reduce memory usage. Loaded Objects now: 1751.
Total: 3.291000 ms (FindLiveObjects: 0.357500 ms CreateObjectMapping: 0.141900 ms MarkObjects: 2.689800 ms  DeleteObjects: 0.098600 ms)

========================================================================
Received Prepare
Registering precompiled user dll's ...
Registered in 0.002175 seconds.
Begin MonoManager ReloadAssembly
Native extension for WindowsStandalone target not found
Refreshing native plugins compatible for Editor in 0.82 ms, found 0 plugins.
Preloading 0 native plugins for Editor in 0.00 ms.
Mono: successfully reloaded assembly
- Completed reload, in  2.414 seconds
Platform modules already initialized, skipping
Refreshing native plugins compatible for Editor in 0.32 ms, found 0 plugins.
Preloading 0 native plugins for Editor in 0.00 ms.
Unloading 1138 Unused Serialized files (Serialized files now loaded: 0)
System memory in use before: 89.1 MB.
System memory in use after: 89.2 MB.

Unloading 5 unused Assets to reduce memory usage. Loaded Objects now: 1754.
Total: 4.825500 ms (FindLiveObjects: 1.279800 ms CreateObjectMapping: 0.169600 ms MarkObjects: 3.254100 ms  DeleteObjects: 0.118800 ms)

========================================================================
Received Import Request.
  Time since last request: 844.809510 seconds.
  path: Assets/Materials/Snow.mat
  artifactKey: Guid(e4422123c8a664c41ae8e3c6314ac4c6) Importer(815301076,1909f56bfc062723c751e8b465ee728b)
Start importing Assets/Materials/Snow.mat using Guid(e4422123c8a664c41ae8e3c6314ac4c6) Importer(815301076,1909f56bfc062723c751e8b465ee728b)  -> (artifact id: 'b366a2cede309c8969fe08420ae9970f') in 0.126003 seconds
  Import took 0.131303 seconds .

========================================================================
Received Prepare
Registering precompiled user dll's ...
Registered in 0.003056 seconds.
Begin MonoManager ReloadAssembly
Native extension for WindowsStandalone target not found
Refreshing native plugins compatible for Editor in 0.72 ms, found 0 plugins.
Preloading 0 native plugins for Editor in 0.00 ms.
Mono: successfully reloaded assembly
- Completed reload, in  1.859 seconds
Platform modules already initialized, skipping
Refreshing native plugins compatible for Editor in 0.23 ms, found 0 plugins.
Preloading 0 native plugins for Editor in 0.00 ms.
Unloading 1138 Unused Serialized files (Serialized files now loaded: 0)
System memory in use before: 89.1 MB.
System memory in use after: 89.2 MB.

Unloading 5 unused Assets to reduce memory usage. Loaded Objects now: 1758.
Total: 2.971600 ms (FindLiveObjects: 0.277200 ms CreateObjectMapping: 0.078800 ms MarkObjects: 2.534100 ms  DeleteObjects: 0.080000 ms)

========================================================================
Received Import Request.
  Time since last request: 213.824049 seconds.
  path: Assets/UI/ExitButton.png
  artifactKey: Guid(f4f291fed31c575459fdf2b69b138793) Importer(815301076,1909f56bfc062723c751e8b465ee728b)
Start importing Assets/UI/ExitButton.png using Guid(f4f291fed31c575459fdf2b69b138793) Importer(815301076,1909f56bfc062723c751e8b465ee728b)  -> (artifact id: '2e9def0bd0a7ee00020ec9c6cf681297') in 0.068299 seconds
  Import took 0.072351 seconds .

========================================================================
Received Import Request.
  Time since last request: 3.812726 seconds.
  path: Assets/UI/ExitButton.png
  artifactKey: Guid(f4f291fed31c575459fdf2b69b138793) Importer(815301076,1909f56bfc062723c751e8b465ee728b)
Start importing Assets/UI/ExitButton.png using Guid(f4f291fed31c575459fdf2b69b138793) Importer(815301076,1909f56bfc062723c751e8b465ee728b)  -> (artifact id: '88d7e85478b41ffa408ace6b36f4b6ed') in 0.036721 seconds
  Import took 0.046886 seconds .

========================================================================
Received Import Request.
  Time since last request: 0.016443 seconds.
  path: Assets/UI/ExitButton.png
  artifactKey: Guid(f4f291fed31c575459fdf2b69b138793) Importer(815301076,1909f56bfc062723c751e8b465ee728b)
Start importing Assets/UI/ExitButton.png using Guid(f4f291fed31c575459fdf2b69b138793) Importer(815301076,1909f56bfc062723c751e8b465ee728b)  -> (artifact id: '88d7e85478b41ffa408ace6b36f4b6ed') in 0.028518 seconds
  Import took 0.253139 seconds .

========================================================================
Received Import Request.
  Time since last request: 3.630849 seconds.
  path: Assets/UI/ExitButton.png
  artifactKey: Guid(f4f291fed31c575459fdf2b69b138793) Importer(815301076,1909f56bfc062723c751e8b465ee728b)
Start importing Assets/UI/ExitButton.png using Guid(f4f291fed31c575459fdf2b69b138793) Importer(815301076,1909f56bfc062723c751e8b465ee728b)  -> (artifact id: 'e018a0145b2e8bac0df902e62f525777') in 0.084728 seconds
  Import took 0.092924 seconds .

