Using pre-set license
Built from '2020.3/staging' branch; Version is '2020.3.6f1 (338bb68529b2) revision 3378102'; Using compiler version '192528614'; Build Type 'Release'
OS: 'Windows 10 Home; OS build 22000.613; Version 2009; 64bit' Language: 'en' Physical Memory: 8034 MB
BatchMode: 1, IsHumanControllingUs: 0, StartBugReporterOnCrash: 0, Is64bit: 1, IsPro: 0

 COMMAND LINE ARGUMENTS:
D:\Unity Editor\2020.3.6f1\Editor\Unity.exe
-adb2
-batchMode
-noUpm
-name
AssetImportWorker0
-projectPath
C:/Users/Bunn4/OneDrive/Documents/GitHub/atk-game/Au To Know Game
-logFile
Logs/AssetImportWorker0.log
-srvPort
54012
Successfully changed project path to: C:/Users/Bunn4/OneDrive/Documents/GitHub/atk-game/Au To Know Game
C:/Users/Bunn4/OneDrive/Documents/GitHub/atk-game/Au To Know Game
Using Asset Import Pipeline V2.
Refreshing native plugins compatible for Editor in 49.56 ms, found 0 plugins.
Preloading 0 native plugins for Editor in 0.00 ms.
Initialize engine version: 2020.3.6f1 (338bb68529b2)
[Subsystems] Discovering subsystems at path D:/Unity Editor/2020.3.6f1/Editor/Data/Resources/UnitySubsystems
[Subsystems] Discovering subsystems at path C:/Users/Bunn4/OneDrive/Documents/GitHub/atk-game/Au To Know Game/Assets
GfxDevice: creating device client; threaded=0
Direct3D:
    Version:  Direct3D 11.0 [level 11.1]
    Renderer: NVIDIA GeForce GTX 1050 (ID=0x1c8d)
    Vendor:   
    VRAM:     4029 MB
    Driver:   23.21.13.8873
Initialize mono
Mono path[0] = 'D:/Unity Editor/2020.3.6f1/Editor/Data/Managed'
Mono path[1] = 'D:/Unity Editor/2020.3.6f1/Editor/Data/MonoBleedingEdge/lib/mono/unityjit'
Mono config path = 'D:/Unity Editor/2020.3.6f1/Editor/Data/MonoBleedingEdge/etc'
Using monoOptions --debugger-agent=transport=dt_socket,embedding=1,server=y,suspend=n,address=127.0.0.1:56940
Begin MonoManager ReloadAssembly
Registering precompiled unity dll's ...
Register platform support module: D:/Unity Editor/2020.3.6f1/Editor/Data/PlaybackEngines/WindowsStandaloneSupport/UnityEditor.WindowsStandalone.Extensions.dll
Registered in 0.001926 seconds.
Native extension for WindowsStandalone target not found
Refreshing native plugins compatible for Editor in 40.03 ms, found 0 plugins.
Preloading 0 native plugins for Editor in 0.00 ms.
Mono: successfully reloaded assembly
- Completed reload, in  1.627 seconds
Platform modules already initialized, skipping
Registering precompiled user dll's ...
Registered in 0.001704 seconds.
Begin MonoManager ReloadAssembly
Native extension for WindowsStandalone target not found
Refreshing native plugins compatible for Editor in 0.26 ms, found 0 plugins.
Preloading 0 native plugins for Editor in 0.00 ms.
Mono: successfully reloaded assembly
- Completed reload, in  1.464 seconds
Platform modules already initialized, skipping
========================================================================
Worker process is ready to serve import requests
Launched and connected shader compiler UnityShaderCompiler.exe after 0.19 seconds
Refreshing native plugins compatible for Editor in 0.23 ms, found 0 plugins.
Preloading 0 native plugins for Editor in 0.00 ms.
Unloading 1143 Unused Serialized files (Serialized files now loaded: 0)
System memory in use before: 71.6 MB.
System memory in use after: 71.7 MB.

Unloading 10 unused Assets to reduce memory usage. Loaded Objects now: 1610.
Total: 2.242400 ms (FindLiveObjects: 0.289100 ms CreateObjectMapping: 0.114200 ms MarkObjects: 1.727900 ms  DeleteObjects: 0.109300 ms)

========================================================================
Received Import Request.
  path: Assets/Scenes/SampleScene.unity
  artifactKey: Guid(9fc0d4010bbf28b4594072e72b8655ab) Importer(815301076,1909f56bfc062723c751e8b465ee728b)
Start importing Assets/Scenes/SampleScene.unity using Guid(9fc0d4010bbf28b4594072e72b8655ab) Importer(815301076,1909f56bfc062723c751e8b465ee728b)  -> (artifact id: 'e8a1600a2a72874c20ddb1dcef7c8a4d') in 0.211407 seconds
  Import took 0.492146 seconds .

========================================================================
Received Prepare
Registering precompiled user dll's ...
Registered in 0.002247 seconds.
Begin MonoManager ReloadAssembly
Native extension for WindowsStandalone target not found
Refreshing native plugins compatible for Editor in 0.36 ms, found 0 plugins.
Preloading 0 native plugins for Editor in 0.00 ms.
Mono: successfully reloaded assembly
- Completed reload, in  1.736 seconds
Platform modules already initialized, skipping
Refreshing native plugins compatible for Editor in 0.38 ms, found 0 plugins.
Preloading 0 native plugins for Editor in 0.00 ms.
Unloading 1138 Unused Serialized files (Serialized files now loaded: 0)
System memory in use before: 71.6 MB.
System memory in use after: 71.6 MB.

Unloading 5 unused Assets to reduce memory usage. Loaded Objects now: 1613.
Total: 3.779000 ms (FindLiveObjects: 0.322100 ms CreateObjectMapping: 0.111600 ms MarkObjects: 3.224300 ms  DeleteObjects: 0.118100 ms)

========================================================================
Received Import Request.
  Time since last request: 619.420686 seconds.
  path: Assets/Sounds/running-fiddlers-country-band-7742.mp3
  artifactKey: Guid(620375cc7b8c73649b10197349e6af63) Importer(815301076,1909f56bfc062723c751e8b465ee728b)
Start importing Assets/Sounds/running-fiddlers-country-band-7742.mp3 using Guid(620375cc7b8c73649b10197349e6af63) Importer(815301076,1909f56bfc062723c751e8b465ee728b)  -> (artifact id: '0560b52533f92751d8b786ff2a56cbc5') in 0.479610 seconds
  Import took 0.953278 seconds .

========================================================================
Received Prepare
Registering precompiled user dll's ...
Registered in 0.001047 seconds.
Begin MonoManager ReloadAssembly
Native extension for WindowsStandalone target not found
Refreshing native plugins compatible for Editor in 0.28 ms, found 0 plugins.
Preloading 0 native plugins for Editor in 0.00 ms.
Mono: successfully reloaded assembly
- Completed reload, in  1.480 seconds
Platform modules already initialized, skipping
Refreshing native plugins compatible for Editor in 0.37 ms, found 0 plugins.
Preloading 0 native plugins for Editor in 0.00 ms.
Unloading 1139 Unused Serialized files (Serialized files now loaded: 0)
System memory in use before: 74.7 MB.
System memory in use after: 74.8 MB.

Unloading 5 unused Assets to reduce memory usage. Loaded Objects now: 1626.
Total: 1.934000 ms (FindLiveObjects: 0.238600 ms CreateObjectMapping: 0.069000 ms MarkObjects: 1.544600 ms  DeleteObjects: 0.079800 ms)

========================================================================
Received Import Request.
  Time since last request: 289.752912 seconds.
  path: Assets/Scripts/DontDestroyAudio.cs
  artifactKey: Guid(137d912bf9b0a69468cdc00b1a57d105) Importer(815301076,1909f56bfc062723c751e8b465ee728b)
Start importing Assets/Scripts/DontDestroyAudio.cs using Guid(137d912bf9b0a69468cdc00b1a57d105) Importer(815301076,1909f56bfc062723c751e8b465ee728b)  -> (artifact id: '013b5229ad513bcaf010a43201715f00') in 0.024438 seconds
  Import took 0.029823 seconds .

========================================================================
Received Prepare
Registering precompiled user dll's ...
Registered in 0.006229 seconds.
Begin MonoManager ReloadAssembly
Native extension for WindowsStandalone target not found
Refreshing native plugins compatible for Editor in 0.46 ms, found 0 plugins.
Preloading 0 native plugins for Editor in 0.00 ms.
Mono: successfully reloaded assembly
- Completed reload, in  1.359 seconds
Platform modules already initialized, skipping
Refreshing native plugins compatible for Editor in 0.46 ms, found 0 plugins.
Preloading 0 native plugins for Editor in 0.00 ms.
Unloading 1139 Unused Serialized files (Serialized files now loaded: 0)
System memory in use before: 74.8 MB.
System memory in use after: 74.8 MB.

Unloading 5 unused Assets to reduce memory usage. Loaded Objects now: 1629.
Total: 2.509100 ms (FindLiveObjects: 0.259000 ms CreateObjectMapping: 0.073300 ms MarkObjects: 2.054000 ms  DeleteObjects: 0.117600 ms)

========================================================================
Received Import Request.
  Time since last request: 280.636661 seconds.
  path: Assets/Scripts/DontDestroyAudio.cs
  artifactKey: Guid(137d912bf9b0a69468cdc00b1a57d105) Importer(815301076,1909f56bfc062723c751e8b465ee728b)
Start importing Assets/Scripts/DontDestroyAudio.cs using Guid(137d912bf9b0a69468cdc00b1a57d105) Importer(815301076,1909f56bfc062723c751e8b465ee728b)  -> (artifact id: '609716dbafc730b04a15d5b4a13fc7fb') in 0.008831 seconds
  Import took 0.176658 seconds .

========================================================================
Received Prepare
Registering precompiled user dll's ...
Registered in 0.001051 seconds.
Begin MonoManager ReloadAssembly
Native extension for WindowsStandalone target not found
Refreshing native plugins compatible for Editor in 0.23 ms, found 0 plugins.
Preloading 0 native plugins for Editor in 0.00 ms.
Mono: successfully reloaded assembly
- Completed reload, in  1.365 seconds
Platform modules already initialized, skipping
Refreshing native plugins compatible for Editor in 0.22 ms, found 0 plugins.
Preloading 0 native plugins for Editor in 0.00 ms.
Unloading 1139 Unused Serialized files (Serialized files now loaded: 0)
System memory in use before: 74.8 MB.
System memory in use after: 74.8 MB.

Unloading 5 unused Assets to reduce memory usage. Loaded Objects now: 1632.
Total: 2.853000 ms (FindLiveObjects: 0.363100 ms CreateObjectMapping: 0.098800 ms MarkObjects: 2.276900 ms  DeleteObjects: 0.111800 ms)

========================================================================
Received Prepare
Registering precompiled user dll's ...
Registered in 0.001213 seconds.
Begin MonoManager ReloadAssembly
Native extension for WindowsStandalone target not found
Refreshing native plugins compatible for Editor in 0.23 ms, found 0 plugins.
Preloading 0 native plugins for Editor in 0.00 ms.
Mono: successfully reloaded assembly
- Completed reload, in  1.712 seconds
Platform modules already initialized, skipping
Refreshing native plugins compatible for Editor in 0.41 ms, found 0 plugins.
Preloading 0 native plugins for Editor in 0.00 ms.
Unloading 1139 Unused Serialized files (Serialized files now loaded: 0)
System memory in use before: 74.8 MB.
System memory in use after: 74.8 MB.

Unloading 5 unused Assets to reduce memory usage. Loaded Objects now: 1635.
Total: 16.799300 ms (FindLiveObjects: 12.234700 ms CreateObjectMapping: 0.168800 ms MarkObjects: 4.227200 ms  DeleteObjects: 0.164800 ms)

========================================================================
Received Import Request.
  Time since last request: 144.997629 seconds.
  path: Assets/Prefabs/BGM.prefab
  artifactKey: Guid(7eebdc664ea3b794da1c57f118b55df4) Importer(815301076,1909f56bfc062723c751e8b465ee728b)
Start importing Assets/Prefabs/BGM.prefab using Guid(7eebdc664ea3b794da1c57f118b55df4) Importer(815301076,1909f56bfc062723c751e8b465ee728b)  -> (artifact id: 'c13b25fbd070dd79dd67e3a465b8564f') in 0.056230 seconds
  Import took 0.060211 seconds .

========================================================================
Received Prepare
Registering precompiled user dll's ...
Registered in 0.001610 seconds.
Begin MonoManager ReloadAssembly
Native extension for WindowsStandalone target not found
Refreshing native plugins compatible for Editor in 0.28 ms, found 0 plugins.
Preloading 0 native plugins for Editor in 0.00 ms.
Mono: successfully reloaded assembly
- Completed reload, in  1.903 seconds
Platform modules already initialized, skipping
Refreshing native plugins compatible for Editor in 0.51 ms, found 0 plugins.
Preloading 0 native plugins for Editor in 0.00 ms.
Unloading 1139 Unused Serialized files (Serialized files now loaded: 0)
System memory in use before: 74.8 MB.
System memory in use after: 74.9 MB.

Unloading 5 unused Assets to reduce memory usage. Loaded Objects now: 1638.
Total: 2.511500 ms (FindLiveObjects: 0.198400 ms CreateObjectMapping: 0.060000 ms MarkObjects: 2.153700 ms  DeleteObjects: 0.097100 ms)

========================================================================
Received Import Request.
  Time since last request: 626.100164 seconds.
  path: Assets/UI/HelpButton (1).png
  artifactKey: Guid(a6a91cf85ebc96849b069eca5b7a476a) Importer(815301076,1909f56bfc062723c751e8b465ee728b)
Start importing Assets/UI/HelpButton (1).png using Guid(a6a91cf85ebc96849b069eca5b7a476a) Importer(815301076,1909f56bfc062723c751e8b465ee728b)  -> (artifact id: '6ffc0828d20667be9e57e75ac6deedcf') in 0.152993 seconds
  Import took 0.165961 seconds .

========================================================================
Received Import Request.
  Time since last request: 10.402843 seconds.
  path: Assets/UI/HelpButton (1).png
  artifactKey: Guid(a6a91cf85ebc96849b069eca5b7a476a) Importer(815301076,1909f56bfc062723c751e8b465ee728b)
Start importing Assets/UI/HelpButton (1).png using Guid(a6a91cf85ebc96849b069eca5b7a476a) Importer(815301076,1909f56bfc062723c751e8b465ee728b)  -> (artifact id: '7d7f7efefa149cc2afbc52afc2564348') in 0.019857 seconds
  Import took 0.027412 seconds .

========================================================================
Received Import Request.
  Time since last request: 7.734530 seconds.
  path: Assets/UI/HelpButton (1).png
  artifactKey: Guid(a6a91cf85ebc96849b069eca5b7a476a) Importer(815301076,1909f56bfc062723c751e8b465ee728b)
Start importing Assets/UI/HelpButton (1).png using Guid(a6a91cf85ebc96849b069eca5b7a476a) Importer(815301076,1909f56bfc062723c751e8b465ee728b)  -> (artifact id: 'adf7f9349ce3dc557f1ea102cd335dd1') in 0.130747 seconds
  Import took 0.138538 seconds .

========================================================================
Received Import Request.
  Time since last request: 11.304072 seconds.
  path: Assets/UI/HelpButton.png
  artifactKey: Guid(a6a91cf85ebc96849b069eca5b7a476a) Importer(815301076,1909f56bfc062723c751e8b465ee728b)
Start importing Assets/UI/HelpButton.png using Guid(a6a91cf85ebc96849b069eca5b7a476a) Importer(815301076,1909f56bfc062723c751e8b465ee728b)  -> (artifact id: '79b48da3b254136b7e4c0232bee580ba') in 0.016171 seconds
  Import took 0.027215 seconds .

========================================================================
Received Import Request.
  Time since last request: 13.659264 seconds.
  path: Assets/UI/ExitButton (1).png
  artifactKey: Guid(954c600097609a946b787d33a42defdf) Importer(815301076,1909f56bfc062723c751e8b465ee728b)
Start importing Assets/UI/ExitButton (1).png using Guid(954c600097609a946b787d33a42defdf) Importer(815301076,1909f56bfc062723c751e8b465ee728b)  -> (artifact id: '26b1a840edb66470212e147f1237d305') in 0.025623 seconds
  Import took 0.051803 seconds .

========================================================================
Received Import Request.
  Time since last request: 7.415998 seconds.
  path: Assets/UI/ExitButton (1).png
  artifactKey: Guid(954c600097609a946b787d33a42defdf) Importer(815301076,1909f56bfc062723c751e8b465ee728b)
Start importing Assets/UI/ExitButton (1).png using Guid(954c600097609a946b787d33a42defdf) Importer(815301076,1909f56bfc062723c751e8b465ee728b)  -> (artifact id: '89095cfe0e091f727dff8b885d3acafc') in 0.034365 seconds
  Import took 0.043609 seconds .

========================================================================
Received Import Request.
  Time since last request: 3.259357 seconds.
  path: Assets/UI/ExitButton (1).png
  artifactKey: Guid(954c600097609a946b787d33a42defdf) Importer(815301076,1909f56bfc062723c751e8b465ee728b)
Start importing Assets/UI/ExitButton (1).png using Guid(954c600097609a946b787d33a42defdf) Importer(815301076,1909f56bfc062723c751e8b465ee728b)  -> (artifact id: '129c920be5093ad9db5b52582f09add6') in 0.021838 seconds
  Import took 0.042592 seconds .

========================================================================
Received Import Request.
  Time since last request: 8.872184 seconds.
  path: Assets/Scenes/MainMenu.unity
  artifactKey: Guid(069482d5e567af845a7d0a21b94a3fab) Importer(815301076,1909f56bfc062723c751e8b465ee728b)
Start importing Assets/Scenes/MainMenu.unity using Guid(069482d5e567af845a7d0a21b94a3fab) Importer(815301076,1909f56bfc062723c751e8b465ee728b)  -> (artifact id: '34e81e16205724ad7d5677f2896d7e63') in 0.010826 seconds
  Import took 0.025658 seconds .

========================================================================
Received Import Request.
  Time since last request: 26.436062 seconds.
  path: Assets/UI/ExitButton.png
  artifactKey: Guid(954c600097609a946b787d33a42defdf) Importer(815301076,1909f56bfc062723c751e8b465ee728b)
Start importing Assets/UI/ExitButton.png using Guid(954c600097609a946b787d33a42defdf) Importer(815301076,1909f56bfc062723c751e8b465ee728b)  -> (artifact id: '2f22ac7a834e1e310b00c95c9748cb8e') in 0.016039 seconds
  Import took 0.022406 seconds .

========================================================================
Received Import Request.
  Time since last request: 509.295299 seconds.
  path: Assets/Scenes/SampleScene.unity
  artifactKey: Guid(9fc0d4010bbf28b4594072e72b8655ab) Importer(815301076,1909f56bfc062723c751e8b465ee728b)
Start importing Assets/Scenes/SampleScene.unity using Guid(9fc0d4010bbf28b4594072e72b8655ab) Importer(815301076,1909f56bfc062723c751e8b465ee728b)  -> (artifact id: '984ca9773ff5f6c59d3222d2bf060051') in 0.012044 seconds
  Import took 0.419912 seconds .

========================================================================
Received Prepare
Registering precompiled user dll's ...
Registered in 0.001283 seconds.
Begin MonoManager ReloadAssembly
Native extension for WindowsStandalone target not found
Refreshing native plugins compatible for Editor in 0.29 ms, found 0 plugins.
Preloading 0 native plugins for Editor in 0.00 ms.
Mono: successfully reloaded assembly
- Completed reload, in  1.781 seconds
Platform modules already initialized, skipping
Refreshing native plugins compatible for Editor in 0.47 ms, found 0 plugins.
Preloading 0 native plugins for Editor in 0.00 ms.
Unloading 1139 Unused Serialized files (Serialized files now loaded: 0)
System memory in use before: 74.8 MB.
System memory in use after: 74.9 MB.

Unloading 5 unused Assets to reduce memory usage. Loaded Objects now: 1645.
Total: 9.651400 ms (FindLiveObjects: 0.310400 ms CreateObjectMapping: 0.127200 ms MarkObjects: 8.981800 ms  DeleteObjects: 0.228800 ms)

========================================================================
Received Prepare
Registering precompiled user dll's ...
Registered in 0.001771 seconds.
Begin MonoManager ReloadAssembly
Native extension for WindowsStandalone target not found
Refreshing native plugins compatible for Editor in 0.75 ms, found 0 plugins.
Preloading 0 native plugins for Editor in 0.00 ms.
Mono: successfully reloaded assembly
- Completed reload, in  4.341 seconds
Platform modules already initialized, skipping
Refreshing native plugins compatible for Editor in 1.45 ms, found 0 plugins.
Preloading 0 native plugins for Editor in 0.00 ms.
Unloading 1139 Unused Serialized files (Serialized files now loaded: 0)
System memory in use before: 74.8 MB.
System memory in use after: 74.9 MB.

Unloading 5 unused Assets to reduce memory usage. Loaded Objects now: 1648.
Total: 9.932800 ms (FindLiveObjects: 0.456300 ms CreateObjectMapping: 0.100200 ms MarkObjects: 9.191700 ms  DeleteObjects: 0.180900 ms)

========================================================================
Received Import Request.
  Time since last request: 753.715369 seconds.
  path: Assets/UI/BackButton.png
  artifactKey: Guid(e1af8d130f33e5e4586c7af8a52eacf0) Importer(815301076,1909f56bfc062723c751e8b465ee728b)
Start importing Assets/UI/BackButton.png using Guid(e1af8d130f33e5e4586c7af8a52eacf0) Importer(815301076,1909f56bfc062723c751e8b465ee728b)  -> (artifact id: '1b07c357007add0594904f0bf02e6169') in 0.100630 seconds
  Import took 0.104795 seconds .

========================================================================
Received Import Request.
  Time since last request: 11.348038 seconds.
  path: Assets/UI/BackButton.png
  artifactKey: Guid(e1af8d130f33e5e4586c7af8a52eacf0) Importer(815301076,1909f56bfc062723c751e8b465ee728b)
Start importing Assets/UI/BackButton.png using Guid(e1af8d130f33e5e4586c7af8a52eacf0) Importer(815301076,1909f56bfc062723c751e8b465ee728b)  -> (artifact id: '49903359dc34bae3bdb5395295d6b917') in 0.108258 seconds
  Import took 0.112013 seconds .

========================================================================
Received Import Request.
  Time since last request: 4.701867 seconds.
  path: Assets/UI/BackButton.png
  artifactKey: Guid(e1af8d130f33e5e4586c7af8a52eacf0) Importer(815301076,1909f56bfc062723c751e8b465ee728b)
Start importing Assets/UI/BackButton.png using Guid(e1af8d130f33e5e4586c7af8a52eacf0) Importer(815301076,1909f56bfc062723c751e8b465ee728b)  -> (artifact id: 'ebfe4ebb80e8d49ed68b2217e6c79103') in 0.068219 seconds
  Import took 0.656268 seconds .

========================================================================
Received Import Request.
  Time since last request: 815.264323 seconds.
  path: Assets/Scenes/MainMenu.unity
  artifactKey: Guid(069482d5e567af845a7d0a21b94a3fab) Importer(815301076,1909f56bfc062723c751e8b465ee728b)
Start importing Assets/Scenes/MainMenu.unity using Guid(069482d5e567af845a7d0a21b94a3fab) Importer(815301076,1909f56bfc062723c751e8b465ee728b)  -> (artifact id: 'b279760b862a4b71cd12ecc1f656b66b') in 0.015452 seconds
  Import took 0.021998 seconds .

========================================================================
Received Import Request.
  Time since last request: 24.912740 seconds.
  path: Assets/Scenes/SampleScene.unity
  artifactKey: Guid(9fc0d4010bbf28b4594072e72b8655ab) Importer(815301076,1909f56bfc062723c751e8b465ee728b)
Start importing Assets/Scenes/SampleScene.unity using Guid(9fc0d4010bbf28b4594072e72b8655ab) Importer(815301076,1909f56bfc062723c751e8b465ee728b)  -> (artifact id: '6a64b73cdd38ff107ae9a500a483e4c8') in 0.004048 seconds
  Import took 0.461705 seconds .

========================================================================
Received Import Request.
  Time since last request: 46.239292 seconds.
  path: Assets/Scripts/PauseScript.cs
  artifactKey: Guid(f671d623a1861f54e940e77c5bca8c23) Importer(815301076,1909f56bfc062723c751e8b465ee728b)
Start importing Assets/Scripts/PauseScript.cs using Guid(f671d623a1861f54e940e77c5bca8c23) Importer(815301076,1909f56bfc062723c751e8b465ee728b)  -> (artifact id: '4908ac0d50e5bfb4420ce9085e5f80e9') in 0.003960 seconds
  Import took 0.008330 seconds .

========================================================================
Received Import Request.
  Time since last request: 0.002885 seconds.
  path: Assets/Scripts/PauseScript.cs
  artifactKey: Guid(f671d623a1861f54e940e77c5bca8c23) Importer(815301076,1909f56bfc062723c751e8b465ee728b)
Start importing Assets/Scripts/PauseScript.cs using Guid(f671d623a1861f54e940e77c5bca8c23) Importer(815301076,1909f56bfc062723c751e8b465ee728b)  -> (artifact id: '4908ac0d50e5bfb4420ce9085e5f80e9') in 0.003469 seconds
  Import took 0.007910 seconds .

========================================================================
Received Prepare
Registering precompiled user dll's ...
Registered in 0.001665 seconds.
Begin MonoManager ReloadAssembly
Native extension for WindowsStandalone target not found
Refreshing native plugins compatible for Editor in 0.42 ms, found 0 plugins.
Preloading 0 native plugins for Editor in 0.00 ms.
Mono: successfully reloaded assembly
- Completed reload, in  5.051 seconds
Platform modules already initialized, skipping
Refreshing native plugins compatible for Editor in 0.45 ms, found 0 plugins.
Preloading 0 native plugins for Editor in 0.00 ms.
Unloading 1139 Unused Serialized files (Serialized files now loaded: 0)
System memory in use before: 74.9 MB.
System memory in use after: 74.9 MB.

Unloading 5 unused Assets to reduce memory usage. Loaded Objects now: 1652.
Total: 13.193800 ms (FindLiveObjects: 0.295300 ms CreateObjectMapping: 0.097100 ms MarkObjects: 12.637000 ms  DeleteObjects: 0.161800 ms)

========================================================================
Received Prepare
Registering precompiled user dll's ...
Registered in 0.001700 seconds.
Begin MonoManager ReloadAssembly
Native extension for WindowsStandalone target not found
Refreshing native plugins compatible for Editor in 0.67 ms, found 0 plugins.
Preloading 0 native plugins for Editor in 0.00 ms.
Mono: successfully reloaded assembly
- Completed reload, in  1.680 seconds
Platform modules already initialized, skipping
Refreshing native plugins compatible for Editor in 0.39 ms, found 0 plugins.
Preloading 0 native plugins for Editor in 0.00 ms.
Unloading 1139 Unused Serialized files (Serialized files now loaded: 0)
System memory in use before: 74.9 MB.
System memory in use after: 74.9 MB.

Unloading 5 unused Assets to reduce memory usage. Loaded Objects now: 1655.
Total: 2.093000 ms (FindLiveObjects: 0.182600 ms CreateObjectMapping: 0.049500 ms MarkObjects: 1.784000 ms  DeleteObjects: 0.075500 ms)

========================================================================
Received Import Request.
  Time since last request: 184.548713 seconds.
  path: Assets/UI/RetryButton.png
  artifactKey: Guid(8212cf2bf46e55c4fa9ddb53264d0427) Importer(815301076,1909f56bfc062723c751e8b465ee728b)
Start importing Assets/UI/RetryButton.png using Guid(8212cf2bf46e55c4fa9ddb53264d0427) Importer(815301076,1909f56bfc062723c751e8b465ee728b)  -> (artifact id: '076a6e24222a24e71d0e57fd6f03b18a') in 0.083939 seconds
  Import took 0.088223 seconds .

========================================================================
Received Import Request.
  Time since last request: 9.834360 seconds.
  path: Assets/UI/RetryButton.png
  artifactKey: Guid(8212cf2bf46e55c4fa9ddb53264d0427) Importer(815301076,1909f56bfc062723c751e8b465ee728b)
Start importing Assets/UI/RetryButton.png using Guid(8212cf2bf46e55c4fa9ddb53264d0427) Importer(815301076,1909f56bfc062723c751e8b465ee728b)  -> (artifact id: '3ee9f7232aaaa3310f510719f10ef49c') in 0.011353 seconds
  Import took 0.337970 seconds .

========================================================================
Received Import Request.
  Time since last request: 2.764989 seconds.
  path: Assets/UI/RetryButton.png
  artifactKey: Guid(8212cf2bf46e55c4fa9ddb53264d0427) Importer(815301076,1909f56bfc062723c751e8b465ee728b)
Start importing Assets/UI/RetryButton.png using Guid(8212cf2bf46e55c4fa9ddb53264d0427) Importer(815301076,1909f56bfc062723c751e8b465ee728b)  -> (artifact id: 'e2c5a39bc00f46d172d09021a78eeb8f') in 0.064612 seconds
  Import took 0.068321 seconds .

========================================================================
Received Import Request.
  Time since last request: 486.534162 seconds.
  path: Assets/UI/Board1.png
  artifactKey: Guid(cfbc94758f7ca4846bd70aa7eb5f4a99) Importer(815301076,1909f56bfc062723c751e8b465ee728b)
Start importing Assets/UI/Board1.png using Guid(cfbc94758f7ca4846bd70aa7eb5f4a99) Importer(815301076,1909f56bfc062723c751e8b465ee728b)  -> (artifact id: 'f9f32b322bdf45c20b038a4e4c56a539') in 0.046886 seconds
  Import took 0.065867 seconds .

========================================================================
Received Import Request.
  Time since last request: 0.005763 seconds.
  path: Assets/UI/Board1.png
  artifactKey: Guid(cfbc94758f7ca4846bd70aa7eb5f4a99) Importer(815301076,1909f56bfc062723c751e8b465ee728b)
Start importing Assets/UI/Board1.png using Guid(cfbc94758f7ca4846bd70aa7eb5f4a99) Importer(815301076,1909f56bfc062723c751e8b465ee728b)  -> (artifact id: 'f9f32b322bdf45c20b038a4e4c56a539') in 0.024178 seconds
  Import took 0.029977 seconds .

========================================================================
Received Import Request.
  Time since last request: 4.239181 seconds.
  path: Assets/UI/Board1.png
  artifactKey: Guid(cfbc94758f7ca4846bd70aa7eb5f4a99) Importer(815301076,1909f56bfc062723c751e8b465ee728b)
Start importing Assets/UI/Board1.png using Guid(cfbc94758f7ca4846bd70aa7eb5f4a99) Importer(815301076,1909f56bfc062723c751e8b465ee728b)  -> (artifact id: '826aa0f9322c4741cd37ebc78a2babc7') in 0.025223 seconds
  Import took 0.039283 seconds .

========================================================================
Received Import Request.
  Time since last request: 4.453537 seconds.
  path: Assets/UI/Board1.png
  artifactKey: Guid(cfbc94758f7ca4846bd70aa7eb5f4a99) Importer(815301076,1909f56bfc062723c751e8b465ee728b)
Start importing Assets/UI/Board1.png using Guid(cfbc94758f7ca4846bd70aa7eb5f4a99) Importer(815301076,1909f56bfc062723c751e8b465ee728b)  -> (artifact id: '149f34155fc9ddb9a4a9e4cc279c239d') in 0.065941 seconds
  Import took 0.328661 seconds .

========================================================================
Received Import Request.
  Time since last request: 155.618460 seconds.
  path: Assets/Scenes/SampleScene.unity
  artifactKey: Guid(9fc0d4010bbf28b4594072e72b8655ab) Importer(815301076,1909f56bfc062723c751e8b465ee728b)
Start importing Assets/Scenes/SampleScene.unity using Guid(9fc0d4010bbf28b4594072e72b8655ab) Importer(815301076,1909f56bfc062723c751e8b465ee728b)  -> (artifact id: '0e5dc39de24bb68d4cf97868bb4c1a54') in 0.004659 seconds
  Import took 0.209378 seconds .

========================================================================
Received Import Request.
  Time since last request: 41.596797 seconds.
  path: Assets/Scenes/MainMenu.unity
  artifactKey: Guid(069482d5e567af845a7d0a21b94a3fab) Importer(815301076,1909f56bfc062723c751e8b465ee728b)
Start importing Assets/Scenes/MainMenu.unity using Guid(069482d5e567af845a7d0a21b94a3fab) Importer(815301076,1909f56bfc062723c751e8b465ee728b)  -> (artifact id: 'ff9436be143ff867898e6b3888a34da9') in 0.019773 seconds
  Import took 0.024313 seconds .

========================================================================
Received Import Request.
  Time since last request: 11.321112 seconds.
  path: Assets/Scenes/SampleScene.unity
  artifactKey: Guid(9fc0d4010bbf28b4594072e72b8655ab) Importer(815301076,1909f56bfc062723c751e8b465ee728b)
Start importing Assets/Scenes/SampleScene.unity using Guid(9fc0d4010bbf28b4594072e72b8655ab) Importer(815301076,1909f56bfc062723c751e8b465ee728b)  -> (artifact id: '047554dfe1451a2eafa309afc45cc82e') in 0.006414 seconds
  Import took 0.260312 seconds .

========================================================================
Received Import Request.
  Time since last request: 228.859264 seconds.
  path: Assets/Scenes/MainMenu.unity
  artifactKey: Guid(069482d5e567af845a7d0a21b94a3fab) Importer(815301076,1909f56bfc062723c751e8b465ee728b)
Start importing Assets/Scenes/MainMenu.unity using Guid(069482d5e567af845a7d0a21b94a3fab) Importer(815301076,1909f56bfc062723c751e8b465ee728b)  -> (artifact id: '74b8a962fe6bce4a0346520f20130197') in 0.011043 seconds
  Import took 0.051135 seconds .

========================================================================
Received Import Request.
  Time since last request: 54.577193 seconds.
  path: Assets/Scenes/SampleScene.unity
  artifactKey: Guid(9fc0d4010bbf28b4594072e72b8655ab) Importer(815301076,1909f56bfc062723c751e8b465ee728b)
Start importing Assets/Scenes/SampleScene.unity using Guid(9fc0d4010bbf28b4594072e72b8655ab) Importer(815301076,1909f56bfc062723c751e8b465ee728b)  -> (artifact id: '5cccef76b17a548486a33ed02eea2eb6') in 0.022624 seconds
  Import took 0.283617 seconds .

========================================================================
Received Prepare
Registering precompiled user dll's ...
Registered in 0.001557 seconds.
Begin MonoManager ReloadAssembly
Native extension for WindowsStandalone target not found
Refreshing native plugins compatible for Editor in 0.49 ms, found 0 plugins.
Preloading 0 native plugins for Editor in 0.00 ms.
Mono: successfully reloaded assembly
- Completed reload, in  2.006 seconds
Platform modules already initialized, skipping
Refreshing native plugins compatible for Editor in 0.24 ms, found 0 plugins.
Preloading 0 native plugins for Editor in 0.00 ms.
Unloading 1139 Unused Serialized files (Serialized files now loaded: 0)
System memory in use before: 74.9 MB.
System memory in use after: 75.0 MB.

Unloading 5 unused Assets to reduce memory usage. Loaded Objects now: 1663.
Total: 2.587600 ms (FindLiveObjects: 0.321100 ms CreateObjectMapping: 0.089600 ms MarkObjects: 2.085500 ms  DeleteObjects: 0.087800 ms)

========================================================================
Received Prepare
Registering precompiled user dll's ...
Registered in 0.001661 seconds.
Begin MonoManager ReloadAssembly
Native extension for WindowsStandalone target not found
Refreshing native plugins compatible for Editor in 0.22 ms, found 0 plugins.
Preloading 0 native plugins for Editor in 0.00 ms.
Mono: successfully reloaded assembly
- Completed reload, in  1.510 seconds
Platform modules already initialized, skipping
Refreshing native plugins compatible for Editor in 0.28 ms, found 0 plugins.
Preloading 0 native plugins for Editor in 0.00 ms.
Unloading 1139 Unused Serialized files (Serialized files now loaded: 0)
System memory in use before: 74.9 MB.
System memory in use after: 75.0 MB.

Unloading 5 unused Assets to reduce memory usage. Loaded Objects now: 1666.
Total: 2.133800 ms (FindLiveObjects: 0.172500 ms CreateObjectMapping: 0.049700 ms MarkObjects: 1.837700 ms  DeleteObjects: 0.072400 ms)

AssetImportWorkerClient::OnTransportError - code=2 error=End of file
